<?xml version="1.0" encoding="UTF-8"?>
<testsuite xmlns:xsi="http://www.w3.org/2001/XMLSchema-instance" xsi:noNamespaceSchemaLocation="https://maven.apache.org/surefire/maven-surefire-plugin/xsd/surefire-test-report-3.0.xsd" version="3.0" name="XRayAPITests" time="8.438" tests="11" errors="0" skipped="0" failures="0">
  <properties>
    <property name="java.specification.version" value="17"/>
    <property name="sun.cpu.isalist" value="amd64"/>
    <property name="sun.jnu.encoding" value="Cp1252"/>
    <property name="java.class.path" value="C:\Users\PC\Desktop\Automation\AutomationProjectsPractice\XRAYAPIProject\target\test-classes;C:\Users\PC\Desktop\Automation\AutomationProjectsPractice\XRAYAPIProject\target\classes;C:\Users\PC\.m2\repository\junit\junit\4.13.2\junit-4.13.2.jar;C:\Users\PC\.m2\repository\org\hamcrest\hamcrest-core\1.3\hamcrest-core-1.3.jar;C:\Users\PC\.m2\repository\io\rest-assured\rest-assured\5.3.0\rest-assured-5.3.0.jar;C:\Users\PC\.m2\repository\org\apache\groovy\groovy\4.0.6\groovy-4.0.6.jar;C:\Users\PC\.m2\repository\org\apache\groovy\groovy-xml\4.0.6\groovy-xml-4.0.6.jar;C:\Users\PC\.m2\repository\org\apache\httpcomponents\httpclient\4.5.13\httpclient-4.5.13.jar;C:\Users\PC\.m2\repository\org\apache\httpcomponents\httpcore\4.4.13\httpcore-4.4.13.jar;C:\Users\PC\.m2\repository\commons-logging\commons-logging\1.2\commons-logging-1.2.jar;C:\Users\PC\.m2\repository\commons-codec\commons-codec\1.11\commons-codec-1.11.jar;C:\Users\PC\.m2\repository\org\apache\httpcomponents\httpmime\4.5.13\httpmime-4.5.13.jar;C:\Users\PC\.m2\repository\org\hamcrest\hamcrest\2.1\hamcrest-2.1.jar;C:\Users\PC\.m2\repository\org\ccil\cowan\tagsoup\tagsoup\1.2.1\tagsoup-1.2.1.jar;C:\Users\PC\.m2\repository\io\rest-assured\json-path\5.3.0\json-path-5.3.0.jar;C:\Users\PC\.m2\repository\org\apache\groovy\groovy-json\4.0.6\groovy-json-4.0.6.jar;C:\Users\PC\.m2\repository\io\rest-assured\rest-assured-common\5.3.0\rest-assured-common-5.3.0.jar;C:\Users\PC\.m2\repository\io\rest-assured\xml-path\5.3.0\xml-path-5.3.0.jar;C:\Users\PC\.m2\repository\org\apache\commons\commons-lang3\3.11\commons-lang3-3.11.jar;C:\Users\PC\.m2\repository\com\fasterxml\jackson\core\jackson-databind\2.14.2\jackson-databind-2.14.2.jar;C:\Users\PC\.m2\repository\com\fasterxml\jackson\core\jackson-core\2.14.2\jackson-core-2.14.2.jar;C:\Users\PC\.m2\repository\com\fasterxml\jackson\core\jackson-annotations\2.14.2\jackson-annotations-2.14.2.jar;C:\Users\PC\.m2\repository\com\google\code\gson\gson\2.10.1\gson-2.10.1.jar;C:\Users\PC\.m2\repository\org\apache\maven\plugins\maven-surefire-plugin\3.0.0\maven-surefire-plugin-3.0.0.jar;C:\Users\PC\.m2\repository\org\apache\maven\surefire\maven-surefire-common\3.0.0\maven-surefire-common-3.0.0.jar;C:\Users\PC\.m2\repository\org\apache\maven\surefire\surefire-api\3.0.0\surefire-api-3.0.0.jar;C:\Users\PC\.m2\repository\org\apache\maven\surefire\surefire-logger-api\3.0.0\surefire-logger-api-3.0.0.jar;C:\Users\PC\.m2\repository\org\apache\maven\surefire\surefire-extensions-api\3.0.0\surefire-extensions-api-3.0.0.jar;C:\Users\PC\.m2\repository\org\apache\maven\surefire\surefire-booter\3.0.0\surefire-booter-3.0.0.jar;C:\Users\PC\.m2\repository\org\apache\maven\surefire\surefire-extensions-spi\3.0.0\surefire-extensions-spi-3.0.0.jar;C:\Users\PC\.m2\repository\org\eclipse\aether\aether-util\1.0.0.v20140518\aether-util-1.0.0.v20140518.jar;C:\Users\PC\.m2\repository\org\eclipse\aether\aether-api\1.0.0.v20140518\aether-api-1.0.0.v20140518.jar;C:\Users\PC\.m2\repository\org\apache\maven\shared\maven-common-artifact-filters\3.1.1\maven-common-artifact-filters-3.1.1.jar;C:\Users\PC\.m2\repository\org\apache\maven\maven-artifact\3.1.0\maven-artifact-3.1.0.jar;C:\Users\PC\.m2\repository\org\codehaus\plexus\plexus-utils\3.0.10\plexus-utils-3.0.10.jar;C:\Users\PC\.m2\repository\org\apache\maven\maven-core\3.1.0\maven-core-3.1.0.jar;C:\Users\PC\.m2\repository\org\apache\maven\maven-settings\3.1.0\maven-settings-3.1.0.jar;C:\Users\PC\.m2\repository\org\apache\maven\maven-settings-builder\3.1.0\maven-settings-builder-3.1.0.jar;C:\Users\PC\.m2\repository\org\apache\maven\maven-repository-metadata\3.1.0\maven-repository-metadata-3.1.0.jar;C:\Users\PC\.m2\repository\org\apache\maven\maven-model-builder\3.1.0\maven-model-builder-3.1.0.jar;C:\Users\PC\.m2\repository\org\apache\maven\maven-aether-provider\3.1.0\maven-aether-provider-3.1.0.jar;C:\Users\PC\.m2\repository\org\eclipse\aether\aether-spi\0.9.0.M2\aether-spi-0.9.0.M2.jar;C:\Users\PC\.m2\repository\org\eclipse\aether\aether-impl\0.9.0.M2\aether-impl-0.9.0.M2.jar;C:\Users\PC\.m2\repository\org\eclipse\sisu\org.eclipse.sisu.plexus\0.0.0.M2a\org.eclipse.sisu.plexus-0.0.0.M2a.jar;C:\Users\PC\.m2\repository\javax\enterprise\cdi-api\1.0\cdi-api-1.0.jar;C:\Users\PC\.m2\repository\javax\annotation\jsr250-api\1.0\jsr250-api-1.0.jar;C:\Users\PC\.m2\repository\javax\inject\javax.inject\1\javax.inject-1.jar;C:\Users\PC\.m2\repository\com\google\guava\guava\10.0.1\guava-10.0.1.jar;C:\Users\PC\.m2\repository\com\google\code\findbugs\jsr305\1.3.9\jsr305-1.3.9.jar;C:\Users\PC\.m2\repository\org\sonatype\sisu\sisu-guice\3.1.0\sisu-guice-3.1.0-no_aop.jar;C:\Users\PC\.m2\repository\aopalliance\aopalliance\1.0\aopalliance-1.0.jar;C:\Users\PC\.m2\repository\org\eclipse\sisu\org.eclipse.sisu.inject\0.0.0.M2a\org.eclipse.sisu.inject-0.0.0.M2a.jar;C:\Users\PC\.m2\repository\asm\asm\3.3.1\asm-3.3.1.jar;C:\Users\PC\.m2\repository\org\codehaus\plexus\plexus-interpolation\1.16\plexus-interpolation-1.16.jar;C:\Users\PC\.m2\repository\org\codehaus\plexus\plexus-classworlds\2.4.2\plexus-classworlds-2.4.2.jar;C:\Users\PC\.m2\repository\org\codehaus\plexus\plexus-component-annotations\1.5.5\plexus-component-annotations-1.5.5.jar;C:\Users\PC\.m2\repository\org\sonatype\plexus\plexus-sec-dispatcher\1.3\plexus-sec-dispatcher-1.3.jar;C:\Users\PC\.m2\repository\org\sonatype\plexus\plexus-cipher\1.4\plexus-cipher-1.4.jar;C:\Users\PC\.m2\repository\org\apache\maven\maven-plugin-api\3.1.0\maven-plugin-api-3.1.0.jar;C:\Users\PC\.m2\repository\commons-io\commons-io\2.6\commons-io-2.6.jar;C:\Users\PC\.m2\repository\org\codehaus\plexus\plexus-java\1.1.2\plexus-java-1.1.2.jar;C:\Users\PC\.m2\repository\org\ow2\asm\asm\9.4\asm-9.4.jar;C:\Users\PC\.m2\repository\com\thoughtworks\qdox\qdox\2.0.3\qdox-2.0.3.jar;C:\Users\PC\.m2\repository\org\apache\maven\surefire\surefire-shared-utils\3.0.0\surefire-shared-utils-3.0.0.jar;"/>
    <property name="java.vm.vendor" value="Oracle Corporation"/>
    <property name="sun.arch.data.model" value="64"/>
    <property name="user.variant" value=""/>
    <property name="java.vendor.url" value="https://java.oracle.com/"/>
    <property name="user.timezone" value="Europe/Budapest"/>
    <property name="os.name" value="Windows 10"/>
    <property name="java.vm.specification.version" value="17"/>
    <property name="sun.java.launcher" value="SUN_STANDARD"/>
    <property name="user.country" value="US"/>
    <property name="sun.boot.library.path" value="C:\Program Files\Java\jdk-17\bin"/>
    <property name="sun.java.command" value="C:\Users\PC\AppData\Local\Temp\surefire3372572111365316833\surefirebooter-20230330112736455_3.jar C:\Users\PC\AppData\Local\Temp\surefire3372572111365316833 2023-03-30T11-27-36_264-jvmRun1 surefire-20230330112736455_1tmp surefire_0-20230330112736455_2tmp"/>
    <property name="jdk.debug" value="release"/>
    <property name="surefire.test.class.path" value="C:\Users\PC\Desktop\Automation\AutomationProjectsPractice\XRAYAPIProject\target\test-classes;C:\Users\PC\Desktop\Automation\AutomationProjectsPractice\XRAYAPIProject\target\classes;C:\Users\PC\.m2\repository\junit\junit\4.13.2\junit-4.13.2.jar;C:\Users\PC\.m2\repository\org\hamcrest\hamcrest-core\1.3\hamcrest-core-1.3.jar;C:\Users\PC\.m2\repository\io\rest-assured\rest-assured\5.3.0\rest-assured-5.3.0.jar;C:\Users\PC\.m2\repository\org\apache\groovy\groovy\4.0.6\groovy-4.0.6.jar;C:\Users\PC\.m2\repository\org\apache\groovy\groovy-xml\4.0.6\groovy-xml-4.0.6.jar;C:\Users\PC\.m2\repository\org\apache\httpcomponents\httpclient\4.5.13\httpclient-4.5.13.jar;C:\Users\PC\.m2\repository\org\apache\httpcomponents\httpcore\4.4.13\httpcore-4.4.13.jar;C:\Users\PC\.m2\repository\commons-logging\commons-logging\1.2\commons-logging-1.2.jar;C:\Users\PC\.m2\repository\commons-codec\commons-codec\1.11\commons-codec-1.11.jar;C:\Users\PC\.m2\repository\org\apache\httpcomponents\httpmime\4.5.13\httpmime-4.5.13.jar;C:\Users\PC\.m2\repository\org\hamcrest\hamcrest\2.1\hamcrest-2.1.jar;C:\Users\PC\.m2\repository\org\ccil\cowan\tagsoup\tagsoup\1.2.1\tagsoup-1.2.1.jar;C:\Users\PC\.m2\repository\io\rest-assured\json-path\5.3.0\json-path-5.3.0.jar;C:\Users\PC\.m2\repository\org\apache\groovy\groovy-json\4.0.6\groovy-json-4.0.6.jar;C:\Users\PC\.m2\repository\io\rest-assured\rest-assured-common\5.3.0\rest-assured-common-5.3.0.jar;C:\Users\PC\.m2\repository\io\rest-assured\xml-path\5.3.0\xml-path-5.3.0.jar;C:\Users\PC\.m2\repository\org\apache\commons\commons-lang3\3.11\commons-lang3-3.11.jar;C:\Users\PC\.m2\repository\com\fasterxml\jackson\core\jackson-databind\2.14.2\jackson-databind-2.14.2.jar;C:\Users\PC\.m2\repository\com\fasterxml\jackson\core\jackson-core\2.14.2\jackson-core-2.14.2.jar;C:\Users\PC\.m2\repository\com\fasterxml\jackson\core\jackson-annotations\2.14.2\jackson-annotations-2.14.2.jar;C:\Users\PC\.m2\repository\com\google\code\gson\gson\2.10.1\gson-2.10.1.jar;C:\Users\PC\.m2\repository\org\apache\maven\plugins\maven-surefire-plugin\3.0.0\maven-surefire-plugin-3.0.0.jar;C:\Users\PC\.m2\repository\org\apache\maven\surefire\maven-surefire-common\3.0.0\maven-surefire-common-3.0.0.jar;C:\Users\PC\.m2\repository\org\apache\maven\surefire\surefire-api\3.0.0\surefire-api-3.0.0.jar;C:\Users\PC\.m2\repository\org\apache\maven\surefire\surefire-logger-api\3.0.0\surefire-logger-api-3.0.0.jar;C:\Users\PC\.m2\repository\org\apache\maven\surefire\surefire-extensions-api\3.0.0\surefire-extensions-api-3.0.0.jar;C:\Users\PC\.m2\repository\org\apache\maven\surefire\surefire-booter\3.0.0\surefire-booter-3.0.0.jar;C:\Users\PC\.m2\repository\org\apache\maven\surefire\surefire-extensions-spi\3.0.0\surefire-extensions-spi-3.0.0.jar;C:\Users\PC\.m2\repository\org\eclipse\aether\aether-util\1.0.0.v20140518\aether-util-1.0.0.v20140518.jar;C:\Users\PC\.m2\repository\org\eclipse\aether\aether-api\1.0.0.v20140518\aether-api-1.0.0.v20140518.jar;C:\Users\PC\.m2\repository\org\apache\maven\shared\maven-common-artifact-filters\3.1.1\maven-common-artifact-filters-3.1.1.jar;C:\Users\PC\.m2\repository\org\apache\maven\maven-artifact\3.1.0\maven-artifact-3.1.0.jar;C:\Users\PC\.m2\repository\org\codehaus\plexus\plexus-utils\3.0.10\plexus-utils-3.0.10.jar;C:\Users\PC\.m2\repository\org\apache\maven\maven-core\3.1.0\maven-core-3.1.0.jar;C:\Users\PC\.m2\repository\org\apache\maven\maven-settings\3.1.0\maven-settings-3.1.0.jar;C:\Users\PC\.m2\repository\org\apache\maven\maven-settings-builder\3.1.0\maven-settings-builder-3.1.0.jar;C:\Users\PC\.m2\repository\org\apache\maven\maven-repository-metadata\3.1.0\maven-repository-metadata-3.1.0.jar;C:\Users\PC\.m2\repository\org\apache\maven\maven-model-builder\3.1.0\maven-model-builder-3.1.0.jar;C:\Users\PC\.m2\repository\org\apache\maven\maven-aether-provider\3.1.0\maven-aether-provider-3.1.0.jar;C:\Users\PC\.m2\repository\org\eclipse\aether\aether-spi\0.9.0.M2\aether-spi-0.9.0.M2.jar;C:\Users\PC\.m2\repository\org\eclipse\aether\aether-impl\0.9.0.M2\aether-impl-0.9.0.M2.jar;C:\Users\PC\.m2\repository\org\eclipse\sisu\org.eclipse.sisu.plexus\0.0.0.M2a\org.eclipse.sisu.plexus-0.0.0.M2a.jar;C:\Users\PC\.m2\repository\javax\enterprise\cdi-api\1.0\cdi-api-1.0.jar;C:\Users\PC\.m2\repository\javax\annotation\jsr250-api\1.0\jsr250-api-1.0.jar;C:\Users\PC\.m2\repository\javax\inject\javax.inject\1\javax.inject-1.jar;C:\Users\PC\.m2\repository\com\google\guava\guava\10.0.1\guava-10.0.1.jar;C:\Users\PC\.m2\repository\com\google\code\findbugs\jsr305\1.3.9\jsr305-1.3.9.jar;C:\Users\PC\.m2\repository\org\sonatype\sisu\sisu-guice\3.1.0\sisu-guice-3.1.0-no_aop.jar;C:\Users\PC\.m2\repository\aopalliance\aopalliance\1.0\aopalliance-1.0.jar;C:\Users\PC\.m2\repository\org\eclipse\sisu\org.eclipse.sisu.inject\0.0.0.M2a\org.eclipse.sisu.inject-0.0.0.M2a.jar;C:\Users\PC\.m2\repository\asm\asm\3.3.1\asm-3.3.1.jar;C:\Users\PC\.m2\repository\org\codehaus\plexus\plexus-interpolation\1.16\plexus-interpolation-1.16.jar;C:\Users\PC\.m2\repository\org\codehaus\plexus\plexus-classworlds\2.4.2\plexus-classworlds-2.4.2.jar;C:\Users\PC\.m2\repository\org\codehaus\plexus\plexus-component-annotations\1.5.5\plexus-component-annotations-1.5.5.jar;C:\Users\PC\.m2\repository\org\sonatype\plexus\plexus-sec-dispatcher\1.3\plexus-sec-dispatcher-1.3.jar;C:\Users\PC\.m2\repository\org\sonatype\plexus\plexus-cipher\1.4\plexus-cipher-1.4.jar;C:\Users\PC\.m2\repository\org\apache\maven\maven-plugin-api\3.1.0\maven-plugin-api-3.1.0.jar;C:\Users\PC\.m2\repository\commons-io\commons-io\2.6\commons-io-2.6.jar;C:\Users\PC\.m2\repository\org\codehaus\plexus\plexus-java\1.1.2\plexus-java-1.1.2.jar;C:\Users\PC\.m2\repository\org\ow2\asm\asm\9.4\asm-9.4.jar;C:\Users\PC\.m2\repository\com\thoughtworks\qdox\qdox\2.0.3\qdox-2.0.3.jar;C:\Users\PC\.m2\repository\org\apache\maven\surefire\surefire-shared-utils\3.0.0\surefire-shared-utils-3.0.0.jar;"/>
    <property name="sun.cpu.endian" value="little"/>
    <property name="user.home" value="C:\Users\PC"/>
    <property name="user.language" value="en"/>
    <property name="java.specification.vendor" value="Oracle Corporation"/>
    <property name="java.version.date" value="2023-01-17"/>
    <property name="java.home" value="C:\Program Files\Java\jdk-17"/>
    <property name="file.separator" value="\"/>
    <property name="basedir" value="C:\Users\PC\Desktop\Automation\AutomationProjectsPractice\XRAYAPIProject"/>
    <property name="java.vm.compressedOopsMode" value="Zero based"/>
    <property name="line.separator" value="&#10;"/>
    <property name="java.vm.specification.vendor" value="Oracle Corporation"/>
    <property name="java.specification.name" value="Java Platform API Specification"/>
    <property name="surefire.real.class.path" value="C:\Users\PC\AppData\Local\Temp\surefire3372572111365316833\surefirebooter-20230330112736455_3.jar"/>
    <property name="user.script" value=""/>
    <property name="sun.management.compiler" value="HotSpot 64-Bit Tiered Compilers"/>
    <property name="java.runtime.version" value="17.0.6+9-LTS-190"/>
    <property name="user.name" value="PC"/>
    <property name="path.separator" value=";"/>
    <property name="os.version" value="10.0"/>
    <property name="java.runtime.name" value="Java(TM) SE Runtime Environment"/>
    <property name="file.encoding" value="Cp1252"/>
    <property name="java.vm.name" value="Java HotSpot(TM) 64-Bit Server VM"/>
    <property name="localRepository" value="C:\Users\PC\.m2\repository"/>
    <property name="java.vendor.url.bug" value="https://bugreport.java.com/bugreport/"/>
    <property name="java.io.tmpdir" value="C:\Users\PC\AppData\Local\Temp\"/>
    <property name="java.version" value="17.0.6"/>
    <property name="user.dir" value="C:\Users\PC\Desktop\Automation\AutomationProjectsPractice\XRAYAPIProject"/>
    <property name="os.arch" value="amd64"/>
    <property name="java.vm.specification.name" value="Java Virtual Machine Specification"/>
    <property name="sun.os.patch.level" value=""/>
    <property name="native.encoding" value="Cp1252"/>
    <property name="java.library.path" value="C:\Program Files\Java\jdk-17\bin;C:\Windows\Sun\Java\bin;C:\Windows\system32;C:\Windows;C:\Program Files\Common Files\Oracle\Java\javapath;C:\Program Files (x86)\Common Files\Oracle\Java\javapath;C:\Windows\system32;C:\Windows;C:\Windows\System32\Wbem;C:\Windows\System32\WindowsPowerShell\v1.0\;C:\Windows\System32\OpenSSH\;C:\Program Files (x86)\Microsoft SQL Server\150\DTS\Binn\;C:\Program Files\Azure Data Studio\bin;C:\Program Files\dotnet\;C:\Program Files\Git\cmd;C:\Program Files\nodejs\;C:\Program Files\Docker\Docker\resources\bin;C:\Users\PC\Desktop\Automation\apache-maven-3.9.1\bin;C:\Users\PC\AppData\Local\Microsoft\WindowsApps;C:\Program Files\Azure Data Studio\bin;C:\Users\PC\AppData\Local\gitkraken\bin;C:\Users\PC\AppData\Roaming\npm;."/>
    <property name="java.vm.info" value="mixed mode, sharing"/>
    <property name="java.vendor" value="Oracle Corporation"/>
    <property name="java.vm.version" value="17.0.6+9-LTS-190"/>
    <property name="sun.io.unicode.encoding" value="UnicodeLittle"/>
    <property name="java.class.version" value="61.0"/>
  </properties>
  <testcase name="addTestStep" classname="XRayAPITests" time="2.958">
    <system-out><![CDATA[Request method:	POST
Request URI:	http://localhost:8080/rest/auth/1/session
Proxy:			<none>
Request params:	<none>
Query params:	<none>
Form params:	<none>
Path params:	<none>
Headers:		Accept=*/*
				Content-Type=application/json
Cookies:		<none>
Multiparts:		<none>
Body:
{
    "username": "milanguzina",
    "password": "micantheman123"
}
HTTP/1.1 200 
X-AREQUESTID: 687x20059x1
Referrer-Policy: strict-origin-when-cross-origin
X-XSS-Protection: 1; mode=block
X-Content-Type-Options: nosniff
X-Frame-Options: SAMEORIGIN
Content-Security-Policy: sandbox
Strict-Transport-Security: max-age=31536000
Set-Cookie: atlassian.xsrf.token=BSYU-JGXI-6CB2-CA1V_8283f29c9b4f4ac8875a73bd00120cfcfd076b4a_lout; Path=/
X-AUSERNAME: anonymous
Set-Cookie: JSESSIONID=3B3043E44243615BFAAE8B664D33205E; Path=/; HttpOnly
X-Seraph-LoginReason: OK
Cache-Control: no-cache, no-store, no-transform
Content-Encoding: gzip
Vary: User-Agent
Content-Type: application/json;charset=UTF-8
Transfer-Encoding: chunked
Date: Thu, 30 Mar 2023 09:27:38 GMT
Keep-Alive: timeout=20
Connection: keep-alive

{
    "session": {
        "name": "JSESSIONID",
        "value": "3B3043E44243615BFAAE8B664D33205E"
    },
    "loginInfo": {
        "failedLoginCount": 40,
        "loginCount": 387,
        "lastFailedLoginTime": "2023-03-27T09:20:40.824+0200",
        "previousLoginTime": "2023-03-30T11:25:41.800+0200"
    }
}
Request method:	POST
Request URI:	http://localhost:8080/rest/api/2/issue
Proxy:			<none>
Request params:	<none>
Query params:	<none>
Form params:	<none>
Path params:	<none>
Headers:		Accept=*/*
				Content-Type=application/json
Cookies:		JSESSIONID=3B3043E44243615BFAAE8B664D33205E
Multiparts:		<none>
Body:
{
    "fields": {
        "project": {
            "key": "XRAY"
        },
        "summary": "2nd Test Case",
        "description": "Validating user login",
        "issuetype": {
            "name": "Test"
        },
        "customfield_10204": {
            "steps": [
                {
                    "index": 1,
                    "fields": {
                        "action": "Step 1",
                        "data": "input Data 1",
                        "expected result": "Excepted result 1"
                    }
                },
                {
                    "index": 2,
                    "fields": {
                        "action": "Step 2",
                        "data": "input Data 2",
                        "expected result": "Excepted result 2"
                    }
                },
                {
                    "index": 3,
                    "fields": {
                        "action": "Step 3",
                        "data": "input Data 3",
                        "expected result": "Excepted result 3"
                    }
                }
            ]
        }
    }
}
HTTP/1.1 201 
X-AREQUESTID: 687x20060x1
X-ASESSIONID: w45iie
Referrer-Policy: strict-origin-when-cross-origin
X-XSS-Protection: 1; mode=block
X-Content-Type-Options: nosniff
X-Frame-Options: SAMEORIGIN
Content-Security-Policy: sandbox
Strict-Transport-Security: max-age=31536000
X-Seraph-LoginReason: OK
Set-Cookie: atlassian.xsrf.token=BSYU-JGXI-6CB2-CA1V_8a979d5d1bf9713d35238b9f1971f72b9c62d46b_lin; Path=/
X-AUSERNAME: milanguzina
Cache-Control: no-cache, no-store, no-transform
Content-Encoding: gzip
Vary: User-Agent
Content-Type: application/json;charset=UTF-8
Transfer-Encoding: chunked
Date: Thu, 30 Mar 2023 09:27:38 GMT
Keep-Alive: timeout=20
Connection: keep-alive

{
    "id": "10324",
    "key": "XRAY-223",
    "self": "http://localhost:8080/rest/api/2/issue/10324"
}
Issue ID:10324
Test Key:XRAY-223
Request method:	POST
Request URI:	http://localhost:8080/rest/raven/2.0/api/test/XRAY-223/steps
Proxy:			<none>
Request params:	<none>
Query params:	<none>
Form params:	<none>
Path params:	issueId=XRAY-223
Headers:		Accept=*/*
				Content-Type=application/json
Cookies:		JSESSIONID=3B3043E44243615BFAAE8B664D33205E
Multiparts:		<none>
Body:
{
    "fields": {
        "Action": "New Added Step Action",
        "Data": "New Added Test Step Data",
        "Expected Result": "New Added Expected Result"
    }
}
HTTP/1.1 201 
X-AREQUESTID: 687x20061x1
X-ASESSIONID: w45iie
Referrer-Policy: strict-origin-when-cross-origin
X-XSS-Protection: 1; mode=block
X-Content-Type-Options: nosniff
X-Frame-Options: SAMEORIGIN
Content-Security-Policy: sandbox
Strict-Transport-Security: max-age=31536000
X-Seraph-LoginReason: OK
Set-Cookie: atlassian.xsrf.token=BSYU-JGXI-6CB2-CA1V_b8a1fc553d4c3466be29c5b1de782a476408b0c7_lin; Path=/
X-AUSERNAME: milanguzina
Cache-Control: no-cache, no-store, no-transform
Content-Encoding: gzip
Vary: User-Agent
Content-Type: application/json;charset=UTF-8
Transfer-Encoding: chunked
Date: Thu, 30 Mar 2023 09:27:38 GMT
Keep-Alive: timeout=20
Connection: keep-alive

{
    "step": {
        "id": 650,
        "attachmentIds": [
            
        ]
    },
    "warnings": [
        
    ]
}
Step ID:650
Request method:	GET
Request URI:	http://localhost:8080/rest/raven/2.0/api/test/XRAY-223/steps/650
Proxy:			<none>
Request params:	<none>
Query params:	<none>
Form params:	<none>
Path params:	issueId=XRAY-223
				stepId=650
Headers:		Accept=*/*
				Content-Type=application/json
Cookies:		JSESSIONID=3B3043E44243615BFAAE8B664D33205E
Multiparts:		<none>
Body:			<none>
HTTP/1.1 200 
X-AREQUESTID: 687x20062x1
X-ASESSIONID: w45iie
Referrer-Policy: strict-origin-when-cross-origin
X-XSS-Protection: 1; mode=block
X-Content-Type-Options: nosniff
X-Frame-Options: SAMEORIGIN
Content-Security-Policy: sandbox
Strict-Transport-Security: max-age=31536000
X-Seraph-LoginReason: OK
Set-Cookie: atlassian.xsrf.token=BSYU-JGXI-6CB2-CA1V_df65cbaab656ad950afb01d7579f146d5605a4a5_lin; Path=/
X-AUSERNAME: milanguzina
Cache-Control: no-cache, no-store, no-transform
Content-Encoding: gzip
Vary: User-Agent
Content-Type: application/json;charset=UTF-8
Transfer-Encoding: chunked
Date: Thu, 30 Mar 2023 09:27:38 GMT
Keep-Alive: timeout=20
Connection: keep-alive

{
    "step": {
        "id": 650,
        "index": 4,
        "fields": {
            "Action": {
                "type": "Wiki",
                "value": {
                    "raw": "New Added Step Action",
                    "rendered": "<p>New Added Step Action</p>"
                }
            },
            "Data": {
                "type": "Wiki",
                "value": {
                    "raw": "New Added Test Step Data",
                    "rendered": "<p>New Added Test Step Data</p>"
                }
            },
            "Expected Result": {
                "type": "Wiki",
                "value": {
                    "raw": "New Added Expected Result",
                    "rendered": "<p>New Added Expected Result</p>"
                }
            }
        },
        "attachments": [
            
        ],
        "testCallStep": false
    }
}
Extracted Step ID:650
Request method:	DELETE
Request URI:	http://localhost:8080/rest/api/2/issue/10324
Proxy:			<none>
Request params:	<none>
Query params:	<none>
Form params:	<none>
Path params:	issueId=10324
Headers:		X-Atlassian-Token=no-check
				Accept=*/*
				Content-Type=application/json
Cookies:		JSESSIONID=3B3043E44243615BFAAE8B664D33205E
Multiparts:		<none>
Body:			<none>
HTTP/1.1 204 
X-AREQUESTID: 687x20063x1
X-ASESSIONID: w45iie
Referrer-Policy: strict-origin-when-cross-origin
X-XSS-Protection: 1; mode=block
X-Content-Type-Options: nosniff
X-Frame-Options: SAMEORIGIN
Content-Security-Policy: sandbox
Strict-Transport-Security: max-age=31536000
X-Seraph-LoginReason: OK
Set-Cookie: atlassian.xsrf.token=BSYU-JGXI-6CB2-CA1V_65d27167eea9300271fed1a365bf0b7e613f473e_lin; Path=/
X-AUSERNAME: milanguzina
Cache-Control: no-cache, no-store, no-transform
Content-Type: application/json;charset=UTF-8
Date: Thu, 30 Mar 2023 09:27:39 GMT
Keep-Alive: timeout=20
Connection: keep-alive
Request method:	GET
Request URI:	http://localhost:8080/rest/api/2/issue/XRAY-223
Proxy:			<none>
Request params:	<none>
Query params:	<none>
Form params:	<none>
Path params:	issueId=XRAY-223
Headers:		X-Atlassian-Token=no-check
				Accept=*/*
				Content-Type=application/json
Cookies:		JSESSIONID=3B3043E44243615BFAAE8B664D33205E
Multiparts:		<none>
Body:			<none>
HTTP/1.1 404 
X-AREQUESTID: 687x20064x1
X-ASESSIONID: w45iie
Referrer-Policy: strict-origin-when-cross-origin
X-XSS-Protection: 1; mode=block
X-Content-Type-Options: nosniff
X-Frame-Options: SAMEORIGIN
Content-Security-Policy: sandbox
Strict-Transport-Security: max-age=31536000
X-Seraph-LoginReason: OK
Set-Cookie: atlassian.xsrf.token=BSYU-JGXI-6CB2-CA1V_6a485cdbc062781805a6581527d5bc41bd15a814_lin; Path=/
X-AUSERNAME: milanguzina
Cache-Control: no-cache, no-store, no-transform
Content-Encoding: gzip
Vary: User-Agent
Content-Type: application/json;charset=UTF-8
Transfer-Encoding: chunked
Date: Thu, 30 Mar 2023 09:27:39 GMT
Keep-Alive: timeout=20
Connection: keep-alive

{
    "errorMessages": [
        "Issue Does Not Exist"
    ],
    "errors": {
        
    }
}
Error message:Issue Does Not Exist
]]></system-out>
  </testcase>
  <testcase name="negativeGetTestStep" classname="XRayAPITests" time="0.844">
    <system-out><![CDATA[Request method:	POST
Request URI:	http://localhost:8080/rest/auth/1/session
Proxy:			<none>
Request params:	<none>
Query params:	<none>
Form params:	<none>
Path params:	<none>
Headers:		Accept=*/*
				Content-Type=application/json
Cookies:		<none>
Multiparts:		<none>
Body:
{
    "username": "milanguzina",
    "password": "micantheman123"
}
HTTP/1.1 200 
X-AREQUESTID: 687x20065x1
Referrer-Policy: strict-origin-when-cross-origin
X-XSS-Protection: 1; mode=block
X-Content-Type-Options: nosniff
X-Frame-Options: SAMEORIGIN
Content-Security-Policy: sandbox
Strict-Transport-Security: max-age=31536000
Set-Cookie: atlassian.xsrf.token=BSYU-JGXI-6CB2-CA1V_5af4476f9e2b37f8bc52f4f7e7e56262b2dfd013_lout; Path=/
X-AUSERNAME: anonymous
Set-Cookie: JSESSIONID=67737FEF8D1B7C1F36385653BA7CADA3; Path=/; HttpOnly
X-Seraph-LoginReason: OK
Cache-Control: no-cache, no-store, no-transform
Content-Encoding: gzip
Vary: User-Agent
Content-Type: application/json;charset=UTF-8
Transfer-Encoding: chunked
Date: Thu, 30 Mar 2023 09:27:39 GMT
Keep-Alive: timeout=20
Connection: keep-alive

{
    "session": {
        "name": "JSESSIONID",
        "value": "67737FEF8D1B7C1F36385653BA7CADA3"
    },
    "loginInfo": {
        "failedLoginCount": 40,
        "loginCount": 388,
        "lastFailedLoginTime": "2023-03-27T09:20:40.824+0200",
        "previousLoginTime": "2023-03-30T11:27:38.577+0200"
    }
}
Request method:	POST
Request URI:	http://localhost:8080/rest/api/2/issue
Proxy:			<none>
Request params:	<none>
Query params:	<none>
Form params:	<none>
Path params:	<none>
Headers:		Accept=*/*
				Content-Type=application/json
Cookies:		JSESSIONID=67737FEF8D1B7C1F36385653BA7CADA3
Multiparts:		<none>
Body:
{
    "fields": {
        "project": {
            "key": "XRAY"
        },
        "summary": "2nd Test Case",
        "description": "Validating user login",
        "issuetype": {
            "name": "Test"
        },
        "customfield_10204": {
            "steps": [
                {
                    "index": 1,
                    "fields": {
                        "action": "Step 1",
                        "data": "input Data 1",
                        "expected result": "Excepted result 1"
                    }
                },
                {
                    "index": 2,
                    "fields": {
                        "action": "Step 2",
                        "data": "input Data 2",
                        "expected result": "Excepted result 2"
                    }
                },
                {
                    "index": 3,
                    "fields": {
                        "action": "Step 3",
                        "data": "input Data 3",
                        "expected result": "Excepted result 3"
                    }
                }
            ]
        }
    }
}
HTTP/1.1 201 
X-AREQUESTID: 687x20066x1
X-ASESSIONID: titooi
Referrer-Policy: strict-origin-when-cross-origin
X-XSS-Protection: 1; mode=block
X-Content-Type-Options: nosniff
X-Frame-Options: SAMEORIGIN
Content-Security-Policy: sandbox
Strict-Transport-Security: max-age=31536000
X-Seraph-LoginReason: OK
Set-Cookie: atlassian.xsrf.token=BSYU-JGXI-6CB2-CA1V_98fb3c7d7b7aaa8340c5ccbdf14cc4839d2f40b7_lin; Path=/
X-AUSERNAME: milanguzina
Cache-Control: no-cache, no-store, no-transform
Content-Encoding: gzip
Vary: User-Agent
Content-Type: application/json;charset=UTF-8
Transfer-Encoding: chunked
Date: Thu, 30 Mar 2023 09:27:39 GMT
Keep-Alive: timeout=20
Connection: keep-alive

{
    "id": "10325",
    "key": "XRAY-224",
    "self": "http://localhost:8080/rest/api/2/issue/10325"
}
Issue ID:10325
Test Key:XRAY-224
Request method:	POST
Request URI:	http://localhost:8080/rest/raven/2.0/api/test/XRAY-224/steps
Proxy:			<none>
Request params:	<none>
Query params:	<none>
Form params:	<none>
Path params:	issueId=XRAY-224
Headers:		Accept=*/*
				Content-Type=application/json
Cookies:		JSESSIONID=67737FEF8D1B7C1F36385653BA7CADA3
Multiparts:		<none>
Body:
{
    "fields": {
        "Action": "New Added Step Action",
        "Data": "New Added Test Step Data",
        "Expected Result": "New Added Expected Result"
    }
}
HTTP/1.1 201 
X-AREQUESTID: 687x20067x1
X-ASESSIONID: titooi
Referrer-Policy: strict-origin-when-cross-origin
X-XSS-Protection: 1; mode=block
X-Content-Type-Options: nosniff
X-Frame-Options: SAMEORIGIN
Content-Security-Policy: sandbox
Strict-Transport-Security: max-age=31536000
X-Seraph-LoginReason: OK
Set-Cookie: atlassian.xsrf.token=BSYU-JGXI-6CB2-CA1V_d445b46908772ebead038d96ea9412ebaaa0a2e9_lin; Path=/
X-AUSERNAME: milanguzina
Cache-Control: no-cache, no-store, no-transform
Content-Encoding: gzip
Vary: User-Agent
Content-Type: application/json;charset=UTF-8
Transfer-Encoding: chunked
Date: Thu, 30 Mar 2023 09:27:39 GMT
Keep-Alive: timeout=20
Connection: keep-alive

{
    "step": {
        "id": 654,
        "attachmentIds": [
            
        ]
    },
    "warnings": [
        
    ]
}
Step ID:654
Request method:	GET
Request URI:	http://localhost:8080/rest/raven/2.0/api/test/XRAY-224/steps/654
Proxy:			<none>
Request params:	<none>
Query params:	<none>
Form params:	<none>
Path params:	issueId=XRAY-224
				stepId=654
Headers:		Accept=*/*
				Content-Type=application/json
Cookies:		JSESSIONID=67737FEF8D1B7C1F36385653BA7CADA3
Multiparts:		<none>
Body:			<none>
HTTP/1.1 200 
X-AREQUESTID: 687x20068x1
X-ASESSIONID: titooi
Referrer-Policy: strict-origin-when-cross-origin
X-XSS-Protection: 1; mode=block
X-Content-Type-Options: nosniff
X-Frame-Options: SAMEORIGIN
Content-Security-Policy: sandbox
Strict-Transport-Security: max-age=31536000
X-Seraph-LoginReason: OK
Set-Cookie: atlassian.xsrf.token=BSYU-JGXI-6CB2-CA1V_837d4d26633b1392aa03e06ed6e7f1448a8df217_lin; Path=/
X-AUSERNAME: milanguzina
Cache-Control: no-cache, no-store, no-transform
Content-Encoding: gzip
Vary: User-Agent
Content-Type: application/json;charset=UTF-8
Transfer-Encoding: chunked
Date: Thu, 30 Mar 2023 09:27:39 GMT
Keep-Alive: timeout=20
Connection: keep-alive

{
    "step": {
        "id": 654,
        "index": 4,
        "fields": {
            "Action": {
                "type": "Wiki",
                "value": {
                    "raw": "New Added Step Action",
                    "rendered": "<p>New Added Step Action</p>"
                }
            },
            "Data": {
                "type": "Wiki",
                "value": {
                    "raw": "New Added Test Step Data",
                    "rendered": "<p>New Added Test Step Data</p>"
                }
            },
            "Expected Result": {
                "type": "Wiki",
                "value": {
                    "raw": "New Added Expected Result",
                    "rendered": "<p>New Added Expected Result</p>"
                }
            }
        },
        "attachments": [
            
        ],
        "testCallStep": false
    }
}
Extracted Step ID:654
Request method:	DELETE
Request URI:	http://localhost:8080/rest/raven/2.0/api/test/XRAY-224/steps/654
Proxy:			<none>
Request params:	<none>
Query params:	<none>
Form params:	<none>
Path params:	issueId=XRAY-224
				stepId=654
Headers:		Accept=*/*
				Content-Type=application/json
Cookies:		JSESSIONID=67737FEF8D1B7C1F36385653BA7CADA3
Multiparts:		<none>
Body:			<none>
HTTP/1.1 204 
X-AREQUESTID: 687x20069x1
X-ASESSIONID: titooi
Referrer-Policy: strict-origin-when-cross-origin
X-XSS-Protection: 1; mode=block
X-Content-Type-Options: nosniff
X-Frame-Options: SAMEORIGIN
Content-Security-Policy: sandbox
Strict-Transport-Security: max-age=31536000
X-Seraph-LoginReason: OK
Set-Cookie: atlassian.xsrf.token=BSYU-JGXI-6CB2-CA1V_e275553402b0d799fbd79a161d9fe49f631955fd_lin; Path=/
X-AUSERNAME: milanguzina
Cache-Control: no-cache, no-store, no-transform
Content-Type: application/json;charset=UTF-8
Date: Thu, 30 Mar 2023 09:27:39 GMT
Keep-Alive: timeout=20
Connection: keep-alive
Request method:	GET
Request URI:	http://localhost:8080/rest/raven/2.0/api/test/10325/steps/654
Proxy:			<none>
Request params:	<none>
Query params:	<none>
Form params:	<none>
Path params:	issueId=10325
				stepId=654
Headers:		X-Atlassian-Token=no-check
				Accept=*/*
				Content-Type=application/json
Cookies:		JSESSIONID=67737FEF8D1B7C1F36385653BA7CADA3
Multiparts:		<none>
Body:			<none>
HTTP/1.1 400 
X-AREQUESTID: 687x20070x1
X-ASESSIONID: titooi
Referrer-Policy: strict-origin-when-cross-origin
X-XSS-Protection: 1; mode=block
X-Content-Type-Options: nosniff
X-Frame-Options: SAMEORIGIN
Content-Security-Policy: sandbox
Strict-Transport-Security: max-age=31536000
X-Seraph-LoginReason: OK
Set-Cookie: atlassian.xsrf.token=BSYU-JGXI-6CB2-CA1V_46be52d8f5724d1b4d68022227c7d2dc7ecf1cde_lin; Path=/
X-AUSERNAME: milanguzina
Cache-Control: no-cache, no-transform
Content-Encoding: gzip
Vary: User-Agent
Content-Type: application/json;charset=UTF-8
Transfer-Encoding: chunked
Date: Thu, 30 Mar 2023 09:27:39 GMT
Connection: close

{
    "error": "Test Step with id 654 not found or is not of type Test Step."
}
Error message:Test Step with id 654 not found or is not of type Test Step.
Request method:	GET
Request URI:	http://localhost:8080/rest/raven/2.0/api/test/10325/steps/654
Proxy:			<none>
Request params:	<none>
Query params:	<none>
Form params:	<none>
Path params:	issueId=10325
				stepId=654
Headers:		X-Atlassian-Token=no-check
				Accept=*/*
				Content-Type=application/json
Cookies:		JSESSIONID=67737FEF8D1B7C1F36385653BA7CADA3
Multiparts:		<none>
Body:			<none>
HTTP/1.1 400 
X-AREQUESTID: 687x20071x1
X-ASESSIONID: titooi
Referrer-Policy: strict-origin-when-cross-origin
X-XSS-Protection: 1; mode=block
X-Content-Type-Options: nosniff
X-Frame-Options: SAMEORIGIN
Content-Security-Policy: sandbox
Strict-Transport-Security: max-age=31536000
X-Seraph-LoginReason: OK
Set-Cookie: atlassian.xsrf.token=BSYU-JGXI-6CB2-CA1V_5089aa998a7aaa90c21af831b4fd7fb79991b9f2_lin; Path=/
X-AUSERNAME: milanguzina
Cache-Control: no-cache, no-transform
Content-Encoding: gzip
Vary: User-Agent
Content-Type: application/json;charset=UTF-8
Transfer-Encoding: chunked
Date: Thu, 30 Mar 2023 09:27:39 GMT
Connection: close

{
    "error": "Test Step with id 654 not found or is not of type Test Step."
}
Error message:Test Step with id 654 not found or is not of type Test Step.
Request method:	DELETE
Request URI:	http://localhost:8080/rest/api/2/issue/10325
Proxy:			<none>
Request params:	<none>
Query params:	<none>
Form params:	<none>
Path params:	issueId=10325
Headers:		X-Atlassian-Token=no-check
				Accept=*/*
				Content-Type=application/json
Cookies:		JSESSIONID=67737FEF8D1B7C1F36385653BA7CADA3
Multiparts:		<none>
Body:			<none>
HTTP/1.1 204 
X-AREQUESTID: 687x20072x1
X-ASESSIONID: titooi
Referrer-Policy: strict-origin-when-cross-origin
X-XSS-Protection: 1; mode=block
X-Content-Type-Options: nosniff
X-Frame-Options: SAMEORIGIN
Content-Security-Policy: sandbox
Strict-Transport-Security: max-age=31536000
X-Seraph-LoginReason: OK
Set-Cookie: atlassian.xsrf.token=BSYU-JGXI-6CB2-CA1V_5a9442a8531614171354ec02f2cdd8d5ac78bfb5_lin; Path=/
X-AUSERNAME: milanguzina
Cache-Control: no-cache, no-store, no-transform
Content-Type: application/json;charset=UTF-8
Date: Thu, 30 Mar 2023 09:27:39 GMT
Keep-Alive: timeout=20
Connection: keep-alive
Request method:	GET
Request URI:	http://localhost:8080/rest/api/2/issue/XRAY-224
Proxy:			<none>
Request params:	<none>
Query params:	<none>
Form params:	<none>
Path params:	issueId=XRAY-224
Headers:		X-Atlassian-Token=no-check
				Accept=*/*
				Content-Type=application/json
Cookies:		JSESSIONID=67737FEF8D1B7C1F36385653BA7CADA3
Multiparts:		<none>
Body:			<none>
HTTP/1.1 404 
X-AREQUESTID: 687x20073x1
X-ASESSIONID: titooi
Referrer-Policy: strict-origin-when-cross-origin
X-XSS-Protection: 1; mode=block
X-Content-Type-Options: nosniff
X-Frame-Options: SAMEORIGIN
Content-Security-Policy: sandbox
Strict-Transport-Security: max-age=31536000
X-Seraph-LoginReason: OK
Set-Cookie: atlassian.xsrf.token=BSYU-JGXI-6CB2-CA1V_42b90c8f8208e392313344bb5cfac3a0968c99ee_lin; Path=/
X-AUSERNAME: milanguzina
Cache-Control: no-cache, no-store, no-transform
Content-Encoding: gzip
Vary: User-Agent
Content-Type: application/json;charset=UTF-8
Transfer-Encoding: chunked
Date: Thu, 30 Mar 2023 09:27:39 GMT
Keep-Alive: timeout=20
Connection: keep-alive

{
    "errorMessages": [
        "Issue Does Not Exist"
    ],
    "errors": {
        
    }
}
Error message:Issue Does Not Exist
]]></system-out>
  </testcase>
  <testcase name="getTestSet" classname="XRayAPITests" time="0.488">
    <system-out><![CDATA[Request method:	POST
Request URI:	http://localhost:8080/rest/auth/1/session
Proxy:			<none>
Request params:	<none>
Query params:	<none>
Form params:	<none>
Path params:	<none>
Headers:		Accept=*/*
				Content-Type=application/json
Cookies:		<none>
Multiparts:		<none>
Body:
{
    "username": "milanguzina",
    "password": "micantheman123"
}
HTTP/1.1 200 
X-AREQUESTID: 687x20074x1
Referrer-Policy: strict-origin-when-cross-origin
X-XSS-Protection: 1; mode=block
X-Content-Type-Options: nosniff
X-Frame-Options: SAMEORIGIN
Content-Security-Policy: sandbox
Strict-Transport-Security: max-age=31536000
Set-Cookie: atlassian.xsrf.token=BSYU-JGXI-6CB2-CA1V_34b5c072ce0a9ef3a2f6592d085b9eb1ff8808eb_lout; Path=/
X-AUSERNAME: anonymous
Set-Cookie: JSESSIONID=F481DC2D9C508F327E29008FBC2E1731; Path=/; HttpOnly
X-Seraph-LoginReason: OK
Cache-Control: no-cache, no-store, no-transform
Content-Encoding: gzip
Vary: User-Agent
Content-Type: application/json;charset=UTF-8
Transfer-Encoding: chunked
Date: Thu, 30 Mar 2023 09:27:39 GMT
Keep-Alive: timeout=20
Connection: keep-alive

{
    "session": {
        "name": "JSESSIONID",
        "value": "F481DC2D9C508F327E29008FBC2E1731"
    },
    "loginInfo": {
        "failedLoginCount": 40,
        "loginCount": 389,
        "lastFailedLoginTime": "2023-03-27T09:20:40.824+0200",
        "previousLoginTime": "2023-03-30T11:27:38.577+0200"
    }
}
Request method:	POST
Request URI:	http://localhost:8080/rest/raven/1.0/api/testset/XRAY-160/test
Proxy:			<none>
Request params:	<none>
Query params:	<none>
Form params:	<none>
Path params:	testSetKey=XRAY-160
Headers:		Accept=*/*
				Content-Type=application/json
Cookies:		JSESSIONID=F481DC2D9C508F327E29008FBC2E1731
Multiparts:		<none>
Body:
{
    "add": [
        "XRAY-29",
        "XRAY-3"
    ]
}
HTTP/1.1 200 
X-AREQUESTID: 687x20075x1
X-ASESSIONID: 1y336zr
Referrer-Policy: strict-origin-when-cross-origin
X-XSS-Protection: 1; mode=block
X-Content-Type-Options: nosniff
X-Frame-Options: SAMEORIGIN
Content-Security-Policy: sandbox
Strict-Transport-Security: max-age=31536000
X-Seraph-LoginReason: OK
Set-Cookie: atlassian.xsrf.token=BSYU-JGXI-6CB2-CA1V_63fc49ced38b5a6146d17d97ff4a2992e939fc42_lin; Path=/
X-AUSERNAME: milanguzina
Cache-Control: no-cache, no-transform
Content-Encoding: gzip
Vary: User-Agent
Content-Type: application/json;charset=UTF-8
Transfer-Encoding: chunked
Date: Thu, 30 Mar 2023 09:27:41 GMT
Keep-Alive: timeout=20
Connection: keep-alive

[
    
]
Request method:	GET
Request URI:	http://localhost:8080/rest/raven/1.0/api/testset/XRAY-160/test
Proxy:			<none>
Request params:	<none>
Query params:	<none>
Form params:	<none>
Path params:	testSetKey=XRAY-160
Headers:		Accept=*/*
				Content-Type=application/json
Cookies:		JSESSIONID=F481DC2D9C508F327E29008FBC2E1731
Multiparts:		<none>
Body:			<none>
HTTP/1.1 200 
X-AREQUESTID: 687x20076x1
X-ASESSIONID: 1y336zr
Referrer-Policy: strict-origin-when-cross-origin
X-XSS-Protection: 1; mode=block
X-Content-Type-Options: nosniff
X-Frame-Options: SAMEORIGIN
Content-Security-Policy: sandbox
Strict-Transport-Security: max-age=31536000
X-Seraph-LoginReason: OK
Set-Cookie: atlassian.xsrf.token=BSYU-JGXI-6CB2-CA1V_a964484afe323e5d782676918bd151f24a73c1a0_lin; Path=/
X-AUSERNAME: milanguzina
Cache-Control: no-cache, no-transform
Content-Encoding: gzip
Vary: User-Agent
Content-Type: application/json;charset=UTF-8
Transfer-Encoding: chunked
Date: Thu, 30 Mar 2023 09:27:41 GMT
Keep-Alive: timeout=20
Connection: keep-alive

[
    {
        "key": "XRAY-29",
        "id": 10130,
        "rank": 1,
        "self": "http://localhost:8080/rest/api/2/issue/10130",
        "reporter": "milanguzina",
        "precondition": [
            
        ],
        "type": "Manual",
        "status": "TODO",
        "archived": false,
        "definition": {
            "steps": [
                {
                    "id": 87,
                    "index": 1,
                    "step": {
                        "raw": "Step 1",
                        "rendered": "<p>Step 1</p>"
                    },
                    "data": {
                        "raw": "input Data 1",
                        "rendered": "<p>input Data 1</p>"
                    },
                    "result": {
                        "raw": "Excepted result 1",
                        "rendered": "<p>Excepted result 1</p>"
                    },
                    "attachments": [
                        
                    ]
                },
                {
                    "id": 88,
                    "index": 2,
                    "step": {
                        "raw": "Step 2",
                        "rendered": "<p>Step 2</p>"
                    },
                    "data": {
                        "raw": "input Data 2",
                        "rendered": "<p>input Data 2</p>"
                    },
                    "result": {
                        "raw": "Excepted result 2",
                        "rendered": "<p>Excepted result 2</p>"
                    },
                    "attachments": [
                        
                    ]
                },
                {
                    "id": 89,
                    "index": 3,
                    "step": {
                        "raw": "Step 4",
                        "rendered": "<p>Step 4</p>"
                    },
                    "data": {
                        "raw": "input Data 3",
                        "rendered": "<p>input Data 3</p>"
                    },
                    "result": {
                        "raw": "Excepted result 3",
                        "rendered": "<p>Excepted result 3</p>"
                    },
                    "attachments": [
                        
                    ]
                },
                {
                    "id": 90,
                    "index": 4,
                    "step": {
                        "raw": "EDITED Step Action",
                        "rendered": "<p>EDITED Step Action</p>"
                    },
                    "data": {
                        "raw": "EDITED Test Step Data",
                        "rendered": "<p>EDITED Test Step Data</p>"
                    },
                    "result": {
                        "raw": "EDITED Expect the unexpectable",
                        "rendered": "<p>EDITED Expect the unexpectable</p>"
                    },
                    "attachments": [
                        
                    ]
                }
            ]
        }
    },
    {
        "key": "XRAY-3",
        "id": 10104,
        "rank": 2,
        "self": "http://localhost:8080/rest/api/2/issue/10104",
        "reporter": "milanguzina",
        "precondition": [
            
        ],
        "type": "Manual",
        "status": "TODO",
        "archived": false,
        "definition": {
            "steps": [
                {
                    "id": 3,
                    "index": 1,
                    "step": {
                        "raw": "Step 1",
                        "rendered": "<p>Step 1</p>"
                    },
                    "data": {
                        "raw": "input Data 1",
                        "rendered": "<p>input Data 1</p>"
                    },
                    "result": {
                        "raw": "Excepted result 1",
                        "rendered": "<p>Excepted result 1</p>"
                    },
                    "attachments": [
                        
                    ]
                },
                {
                    "id": 4,
                    "index": 2,
                    "step": {
                        "raw": "Step 2",
                        "rendered": "<p>Step 2</p>"
                    },
                    "data": {
                        "raw": "input Data 2",
                        "rendered": "<p>input Data 2</p>"
                    },
                    "result": {
                        "raw": "Excepted result 2",
                        "rendered": "<p>Excepted result 2</p>"
                    },
                    "attachments": [
                        
                    ]
                },
                {
                    "id": 5,
                    "index": 3,
                    "step": {
                        "raw": "Step 4",
                        "rendered": "<p>Step 4</p>"
                    },
                    "data": {
                        "raw": "input Data 3",
                        "rendered": "<p>input Data 3</p>"
                    },
                    "result": {
                        "raw": "Excepted result 3",
                        "rendered": "<p>Excepted result 3</p>"
                    },
                    "attachments": [
                        
                    ]
                },
                {
                    "id": 27,
                    "index": 4,
                    "step": {
                        "raw": "new added Step Action",
                        "rendered": "<p>new added Step Action</p>"
                    },
                    "data": {
                        "raw": "",
                        "rendered": ""
                    },
                    "result": {
                        "raw": "",
                        "rendered": ""
                    },
                    "attachments": [
                        {
                            "id": 1,
                            "fileName": "example.txt",
                            "fileIcon": "text.gif",
                            "mimeType": "plain/text",
                            "fileIconAlt": "Text File",
                            "fileSize": "0.0 kB",
                            "numericalFileSize": 12,
                            "created": "2023-03-27T13:53:59+02:00",
                            "createdDate": 1679918039705,
                            "author": "milanguzina",
                            "authorFullName": "milanguzina@yahoo.com",
                            "fileURL": "http://localhost:8080/plugins/servlet/raven/attachment/1/example.txt",
                            "filePath": "\\XRAY\\10000\\XRAY-3\\xray_1"
                        }
                    ]
                },
                {
                    "id": 28,
                    "index": 5,
                    "step": {
                        "raw": "newest added Step Action",
                        "rendered": "<p>newest added Step Action</p>"
                    },
                    "data": {
                        "raw": "",
                        "rendered": ""
                    },
                    "result": {
                        "raw": "",
                        "rendered": ""
                    },
                    "attachments": [
                        
                    ]
                },
                {
                    "id": 29,
                    "index": 6,
                    "step": {
                        "raw": "new added Step Action",
                        "rendered": "<p>new added Step Action</p>"
                    },
                    "data": {
                        "raw": "Test Step Data",
                        "rendered": "<p>Test Step Data</p>"
                    },
                    "result": {
                        "raw": "Expect the unexpectable",
                        "rendered": "<p>Expect the unexpectable</p>"
                    },
                    "attachments": [
                        
                    ]
                }
            ]
        }
    }
]
[XRAY-29, XRAY-3]
Request method:	GET
Request URI:	http://localhost:8080/rest/raven/1.0/api/testset/XRAY-160/test
Proxy:			<none>
Request params:	<none>
Query params:	<none>
Form params:	<none>
Path params:	testSetKey=XRAY-160
Headers:		Accept=*/*
				Content-Type=application/json
Cookies:		JSESSIONID=F481DC2D9C508F327E29008FBC2E1731
Multiparts:		<none>
Body:			<none>
HTTP/1.1 200 
X-AREQUESTID: 687x20077x1
X-ASESSIONID: 1y336zr
Referrer-Policy: strict-origin-when-cross-origin
X-XSS-Protection: 1; mode=block
X-Content-Type-Options: nosniff
X-Frame-Options: SAMEORIGIN
Content-Security-Policy: sandbox
Strict-Transport-Security: max-age=31536000
X-Seraph-LoginReason: OK
Set-Cookie: atlassian.xsrf.token=BSYU-JGXI-6CB2-CA1V_1f07a0abb6aa613079a483a09867be35141cd297_lin; Path=/
X-AUSERNAME: milanguzina
Cache-Control: no-cache, no-transform
Content-Encoding: gzip
Vary: User-Agent
Content-Type: application/json;charset=UTF-8
Transfer-Encoding: chunked
Date: Thu, 30 Mar 2023 09:27:41 GMT
Keep-Alive: timeout=20
Connection: keep-alive

[
    {
        "key": "XRAY-29",
        "id": 10130,
        "rank": 1,
        "self": "http://localhost:8080/rest/api/2/issue/10130",
        "reporter": "milanguzina",
        "precondition": [
            
        ],
        "type": "Manual",
        "status": "TODO",
        "archived": false,
        "definition": {
            "steps": [
                {
                    "id": 87,
                    "index": 1,
                    "step": {
                        "raw": "Step 1",
                        "rendered": "<p>Step 1</p>"
                    },
                    "data": {
                        "raw": "input Data 1",
                        "rendered": "<p>input Data 1</p>"
                    },
                    "result": {
                        "raw": "Excepted result 1",
                        "rendered": "<p>Excepted result 1</p>"
                    },
                    "attachments": [
                        
                    ]
                },
                {
                    "id": 88,
                    "index": 2,
                    "step": {
                        "raw": "Step 2",
                        "rendered": "<p>Step 2</p>"
                    },
                    "data": {
                        "raw": "input Data 2",
                        "rendered": "<p>input Data 2</p>"
                    },
                    "result": {
                        "raw": "Excepted result 2",
                        "rendered": "<p>Excepted result 2</p>"
                    },
                    "attachments": [
                        
                    ]
                },
                {
                    "id": 89,
                    "index": 3,
                    "step": {
                        "raw": "Step 4",
                        "rendered": "<p>Step 4</p>"
                    },
                    "data": {
                        "raw": "input Data 3",
                        "rendered": "<p>input Data 3</p>"
                    },
                    "result": {
                        "raw": "Excepted result 3",
                        "rendered": "<p>Excepted result 3</p>"
                    },
                    "attachments": [
                        
                    ]
                },
                {
                    "id": 90,
                    "index": 4,
                    "step": {
                        "raw": "EDITED Step Action",
                        "rendered": "<p>EDITED Step Action</p>"
                    },
                    "data": {
                        "raw": "EDITED Test Step Data",
                        "rendered": "<p>EDITED Test Step Data</p>"
                    },
                    "result": {
                        "raw": "EDITED Expect the unexpectable",
                        "rendered": "<p>EDITED Expect the unexpectable</p>"
                    },
                    "attachments": [
                        
                    ]
                }
            ]
        }
    },
    {
        "key": "XRAY-3",
        "id": 10104,
        "rank": 2,
        "self": "http://localhost:8080/rest/api/2/issue/10104",
        "reporter": "milanguzina",
        "precondition": [
            
        ],
        "type": "Manual",
        "status": "TODO",
        "archived": false,
        "definition": {
            "steps": [
                {
                    "id": 3,
                    "index": 1,
                    "step": {
                        "raw": "Step 1",
                        "rendered": "<p>Step 1</p>"
                    },
                    "data": {
                        "raw": "input Data 1",
                        "rendered": "<p>input Data 1</p>"
                    },
                    "result": {
                        "raw": "Excepted result 1",
                        "rendered": "<p>Excepted result 1</p>"
                    },
                    "attachments": [
                        
                    ]
                },
                {
                    "id": 4,
                    "index": 2,
                    "step": {
                        "raw": "Step 2",
                        "rendered": "<p>Step 2</p>"
                    },
                    "data": {
                        "raw": "input Data 2",
                        "rendered": "<p>input Data 2</p>"
                    },
                    "result": {
                        "raw": "Excepted result 2",
                        "rendered": "<p>Excepted result 2</p>"
                    },
                    "attachments": [
                        
                    ]
                },
                {
                    "id": 5,
                    "index": 3,
                    "step": {
                        "raw": "Step 4",
                        "rendered": "<p>Step 4</p>"
                    },
                    "data": {
                        "raw": "input Data 3",
                        "rendered": "<p>input Data 3</p>"
                    },
                    "result": {
                        "raw": "Excepted result 3",
                        "rendered": "<p>Excepted result 3</p>"
                    },
                    "attachments": [
                        
                    ]
                },
                {
                    "id": 27,
                    "index": 4,
                    "step": {
                        "raw": "new added Step Action",
                        "rendered": "<p>new added Step Action</p>"
                    },
                    "data": {
                        "raw": "",
                        "rendered": ""
                    },
                    "result": {
                        "raw": "",
                        "rendered": ""
                    },
                    "attachments": [
                        {
                            "id": 1,
                            "fileName": "example.txt",
                            "fileIcon": "text.gif",
                            "mimeType": "plain/text",
                            "fileIconAlt": "Text File",
                            "fileSize": "0.0 kB",
                            "numericalFileSize": 12,
                            "created": "2023-03-27T13:53:59+02:00",
                            "createdDate": 1679918039705,
                            "author": "milanguzina",
                            "authorFullName": "milanguzina@yahoo.com",
                            "fileURL": "http://localhost:8080/plugins/servlet/raven/attachment/1/example.txt",
                            "filePath": "\\XRAY\\10000\\XRAY-3\\xray_1"
                        }
                    ]
                },
                {
                    "id": 28,
                    "index": 5,
                    "step": {
                        "raw": "newest added Step Action",
                        "rendered": "<p>newest added Step Action</p>"
                    },
                    "data": {
                        "raw": "",
                        "rendered": ""
                    },
                    "result": {
                        "raw": "",
                        "rendered": ""
                    },
                    "attachments": [
                        
                    ]
                },
                {
                    "id": 29,
                    "index": 6,
                    "step": {
                        "raw": "new added Step Action",
                        "rendered": "<p>new added Step Action</p>"
                    },
                    "data": {
                        "raw": "Test Step Data",
                        "rendered": "<p>Test Step Data</p>"
                    },
                    "result": {
                        "raw": "Expect the unexpectable",
                        "rendered": "<p>Expect the unexpectable</p>"
                    },
                    "attachments": [
                        
                    ]
                }
            ]
        }
    }
]
[XRAY-29, XRAY-3]
]]></system-out>
  </testcase>
  <testcase name="negativeGetTest" classname="XRayAPITests" time="0.573">
    <system-out><![CDATA[Request method:	POST
Request URI:	http://localhost:8080/rest/auth/1/session
Proxy:			<none>
Request params:	<none>
Query params:	<none>
Form params:	<none>
Path params:	<none>
Headers:		Accept=*/*
				Content-Type=application/json
Cookies:		<none>
Multiparts:		<none>
Body:
{
    "username": "milanguzina",
    "password": "micantheman123"
}
HTTP/1.1 200 
X-AREQUESTID: 687x20078x1
Referrer-Policy: strict-origin-when-cross-origin
X-XSS-Protection: 1; mode=block
X-Content-Type-Options: nosniff
X-Frame-Options: SAMEORIGIN
Content-Security-Policy: sandbox
Strict-Transport-Security: max-age=31536000
Set-Cookie: atlassian.xsrf.token=BSYU-JGXI-6CB2-CA1V_397d2f676c81d7a6633a7884e0b42eccd210d622_lout; Path=/
X-AUSERNAME: anonymous
Set-Cookie: JSESSIONID=E4C31CB5EEA407A97C9A7AD064ABF6FD; Path=/; HttpOnly
X-Seraph-LoginReason: OK
Cache-Control: no-cache, no-store, no-transform
Content-Encoding: gzip
Vary: User-Agent
Content-Type: application/json;charset=UTF-8
Transfer-Encoding: chunked
Date: Thu, 30 Mar 2023 09:27:41 GMT
Keep-Alive: timeout=20
Connection: keep-alive

{
    "session": {
        "name": "JSESSIONID",
        "value": "E4C31CB5EEA407A97C9A7AD064ABF6FD"
    },
    "loginInfo": {
        "failedLoginCount": 40,
        "loginCount": 390,
        "lastFailedLoginTime": "2023-03-27T09:20:40.824+0200",
        "previousLoginTime": "2023-03-30T11:27:38.577+0200"
    }
}
Request method:	POST
Request URI:	http://localhost:8080/rest/api/2/issue
Proxy:			<none>
Request params:	<none>
Query params:	<none>
Form params:	<none>
Path params:	<none>
Headers:		Accept=*/*
				Content-Type=application/json
Cookies:		JSESSIONID=E4C31CB5EEA407A97C9A7AD064ABF6FD
Multiparts:		<none>
Body:
{
    "fields": {
        "project": {
            "key": "XRAY"
        },
        "summary": "2nd Test Case",
        "description": "Validating user login",
        "issuetype": {
            "name": "Test"
        },
        "customfield_10204": {
            "steps": [
                {
                    "index": 1,
                    "fields": {
                        "action": "Step 1",
                        "data": "input Data 1",
                        "expected result": "Excepted result 1"
                    }
                },
                {
                    "index": 2,
                    "fields": {
                        "action": "Step 2",
                        "data": "input Data 2",
                        "expected result": "Excepted result 2"
                    }
                },
                {
                    "index": 3,
                    "fields": {
                        "action": "Step 3",
                        "data": "input Data 3",
                        "expected result": "Excepted result 3"
                    }
                }
            ]
        }
    }
}
HTTP/1.1 201 
X-AREQUESTID: 687x20079x1
X-ASESSIONID: sfodot
Referrer-Policy: strict-origin-when-cross-origin
X-XSS-Protection: 1; mode=block
X-Content-Type-Options: nosniff
X-Frame-Options: SAMEORIGIN
Content-Security-Policy: sandbox
Strict-Transport-Security: max-age=31536000
X-Seraph-LoginReason: OK
Set-Cookie: atlassian.xsrf.token=BSYU-JGXI-6CB2-CA1V_26d96e3d507783a214be519b3dac0dbd9b6170e1_lin; Path=/
X-AUSERNAME: milanguzina
Cache-Control: no-cache, no-store, no-transform
Content-Encoding: gzip
Vary: User-Agent
Content-Type: application/json;charset=UTF-8
Transfer-Encoding: chunked
Date: Thu, 30 Mar 2023 09:27:41 GMT
Keep-Alive: timeout=20
Connection: keep-alive

{
    "id": "10326",
    "key": "XRAY-225",
    "self": "http://localhost:8080/rest/api/2/issue/10326"
}
Issue ID:10326
Test Key:XRAY-225
Request method:	DELETE
Request URI:	http://localhost:8080/rest/api/2/issue/10326
Proxy:			<none>
Request params:	<none>
Query params:	<none>
Form params:	<none>
Path params:	issueId=10326
Headers:		X-Atlassian-Token=no-check
				Accept=*/*
				Content-Type=application/json
Cookies:		JSESSIONID=E4C31CB5EEA407A97C9A7AD064ABF6FD
Multiparts:		<none>
Body:			<none>
HTTP/1.1 204 
X-AREQUESTID: 687x20080x1
X-ASESSIONID: sfodot
Referrer-Policy: strict-origin-when-cross-origin
X-XSS-Protection: 1; mode=block
X-Content-Type-Options: nosniff
X-Frame-Options: SAMEORIGIN
Content-Security-Policy: sandbox
Strict-Transport-Security: max-age=31536000
X-Seraph-LoginReason: OK
Set-Cookie: atlassian.xsrf.token=BSYU-JGXI-6CB2-CA1V_dcd7011e5248072afd4f467670ff854dc7ad271d_lin; Path=/
X-AUSERNAME: milanguzina
Cache-Control: no-cache, no-store, no-transform
Content-Type: application/json;charset=UTF-8
Date: Thu, 30 Mar 2023 09:27:41 GMT
Keep-Alive: timeout=20
Connection: keep-alive
Request method:	GET
Request URI:	http://localhost:8080/rest/api/2/issue/XRAY-225
Proxy:			<none>
Request params:	<none>
Query params:	<none>
Form params:	<none>
Path params:	issueId=XRAY-225
Headers:		X-Atlassian-Token=no-check
				Accept=*/*
				Content-Type=application/json
Cookies:		JSESSIONID=E4C31CB5EEA407A97C9A7AD064ABF6FD
Multiparts:		<none>
Body:			<none>
HTTP/1.1 404 
X-AREQUESTID: 687x20081x1
X-ASESSIONID: sfodot
Referrer-Policy: strict-origin-when-cross-origin
X-XSS-Protection: 1; mode=block
X-Content-Type-Options: nosniff
X-Frame-Options: SAMEORIGIN
Content-Security-Policy: sandbox
Strict-Transport-Security: max-age=31536000
X-Seraph-LoginReason: OK
Set-Cookie: atlassian.xsrf.token=BSYU-JGXI-6CB2-CA1V_451ba4bace14fb74a12c6319e568a685a42ffca2_lin; Path=/
X-AUSERNAME: milanguzina
Cache-Control: no-cache, no-store, no-transform
Content-Encoding: gzip
Vary: User-Agent
Content-Type: application/json;charset=UTF-8
Transfer-Encoding: chunked
Date: Thu, 30 Mar 2023 09:27:41 GMT
Keep-Alive: timeout=20
Connection: keep-alive

{
    "errorMessages": [
        "Issue Does Not Exist"
    ],
    "errors": {
        
    }
}
Error message:Issue Does Not Exist
Request method:	GET
Request URI:	http://localhost:8080/rest/api/2/issue/XRAY-225
Proxy:			<none>
Request params:	<none>
Query params:	<none>
Form params:	<none>
Path params:	issueId=XRAY-225
Headers:		X-Atlassian-Token=no-check
				Accept=*/*
				Content-Type=application/json
Cookies:		JSESSIONID=E4C31CB5EEA407A97C9A7AD064ABF6FD
Multiparts:		<none>
Body:			<none>
HTTP/1.1 404 
X-AREQUESTID: 687x20082x1
X-ASESSIONID: sfodot
Referrer-Policy: strict-origin-when-cross-origin
X-XSS-Protection: 1; mode=block
X-Content-Type-Options: nosniff
X-Frame-Options: SAMEORIGIN
Content-Security-Policy: sandbox
Strict-Transport-Security: max-age=31536000
X-Seraph-LoginReason: OK
Set-Cookie: atlassian.xsrf.token=BSYU-JGXI-6CB2-CA1V_8f082c7aa193e58e08ff831b5f872448628d125d_lin; Path=/
X-AUSERNAME: milanguzina
Cache-Control: no-cache, no-store, no-transform
Content-Encoding: gzip
Vary: User-Agent
Content-Type: application/json;charset=UTF-8
Transfer-Encoding: chunked
Date: Thu, 30 Mar 2023 09:27:41 GMT
Keep-Alive: timeout=20
Connection: keep-alive

{
    "errorMessages": [
        "Issue Does Not Exist"
    ],
    "errors": {
        
    }
}
Error message:Issue Does Not Exist
]]></system-out>
  </testcase>
  <testcase name="getTest" classname="XRayAPITests" time="0.682">
    <system-out><![CDATA[Request method:	POST
Request URI:	http://localhost:8080/rest/auth/1/session
Proxy:			<none>
Request params:	<none>
Query params:	<none>
Form params:	<none>
Path params:	<none>
Headers:		Accept=*/*
				Content-Type=application/json
Cookies:		<none>
Multiparts:		<none>
Body:
{
    "username": "milanguzina",
    "password": "micantheman123"
}
HTTP/1.1 200 
X-AREQUESTID: 687x20083x1
Referrer-Policy: strict-origin-when-cross-origin
X-XSS-Protection: 1; mode=block
X-Content-Type-Options: nosniff
X-Frame-Options: SAMEORIGIN
Content-Security-Policy: sandbox
Strict-Transport-Security: max-age=31536000
Set-Cookie: atlassian.xsrf.token=BSYU-JGXI-6CB2-CA1V_944ecc7f638caf9453898a9b1817163aabbeca0c_lout; Path=/
X-AUSERNAME: anonymous
Set-Cookie: JSESSIONID=4989B57523C6B5978BD3753FDEBF5FD3; Path=/; HttpOnly
X-Seraph-LoginReason: OK
Cache-Control: no-cache, no-store, no-transform
Content-Encoding: gzip
Vary: User-Agent
Content-Type: application/json;charset=UTF-8
Transfer-Encoding: chunked
Date: Thu, 30 Mar 2023 09:27:41 GMT
Keep-Alive: timeout=20
Connection: keep-alive

{
    "session": {
        "name": "JSESSIONID",
        "value": "4989B57523C6B5978BD3753FDEBF5FD3"
    },
    "loginInfo": {
        "failedLoginCount": 40,
        "loginCount": 391,
        "lastFailedLoginTime": "2023-03-27T09:20:40.824+0200",
        "previousLoginTime": "2023-03-30T11:27:41.796+0200"
    }
}
Request method:	POST
Request URI:	http://localhost:8080/rest/api/2/issue
Proxy:			<none>
Request params:	<none>
Query params:	<none>
Form params:	<none>
Path params:	<none>
Headers:		Accept=*/*
				Content-Type=application/json
Cookies:		JSESSIONID=4989B57523C6B5978BD3753FDEBF5FD3
Multiparts:		<none>
Body:
{
    "fields": {
        "project": {
            "key": "XRAY"
        },
        "summary": "2nd Test Case",
        "description": "Validating user login",
        "issuetype": {
            "name": "Test"
        },
        "customfield_10204": {
            "steps": [
                {
                    "index": 1,
                    "fields": {
                        "action": "Step 1",
                        "data": "input Data 1",
                        "expected result": "Excepted result 1"
                    }
                },
                {
                    "index": 2,
                    "fields": {
                        "action": "Step 2",
                        "data": "input Data 2",
                        "expected result": "Excepted result 2"
                    }
                },
                {
                    "index": 3,
                    "fields": {
                        "action": "Step 3",
                        "data": "input Data 3",
                        "expected result": "Excepted result 3"
                    }
                }
            ]
        }
    }
}
HTTP/1.1 201 
X-AREQUESTID: 687x20084x1
X-ASESSIONID: kd0pgi
Referrer-Policy: strict-origin-when-cross-origin
X-XSS-Protection: 1; mode=block
X-Content-Type-Options: nosniff
X-Frame-Options: SAMEORIGIN
Content-Security-Policy: sandbox
Strict-Transport-Security: max-age=31536000
X-Seraph-LoginReason: OK
Set-Cookie: atlassian.xsrf.token=BSYU-JGXI-6CB2-CA1V_46e70b7f4b2aabd2e6114c844919bcec14d4b58c_lin; Path=/
X-AUSERNAME: milanguzina
Cache-Control: no-cache, no-store, no-transform
Content-Encoding: gzip
Vary: User-Agent
Content-Type: application/json;charset=UTF-8
Transfer-Encoding: chunked
Date: Thu, 30 Mar 2023 09:27:41 GMT
Keep-Alive: timeout=20
Connection: keep-alive

{
    "id": "10327",
    "key": "XRAY-226",
    "self": "http://localhost:8080/rest/api/2/issue/10327"
}
Issue ID:10327
Test Key:XRAY-226
Request method:	GET
Request URI:	http://localhost:8080/rest/api/2/issue/10327
Proxy:			<none>
Request params:	<none>
Query params:	<none>
Form params:	<none>
Path params:	issueId=10327
Headers:		Accept=*/*
				Content-Type=application/json
Cookies:		JSESSIONID=4989B57523C6B5978BD3753FDEBF5FD3
Multiparts:		<none>
Body:			<none>
HTTP/1.1 200 
X-AREQUESTID: 687x20085x1
X-ASESSIONID: kd0pgi
Referrer-Policy: strict-origin-when-cross-origin
X-XSS-Protection: 1; mode=block
X-Content-Type-Options: nosniff
X-Frame-Options: SAMEORIGIN
Content-Security-Policy: sandbox
Strict-Transport-Security: max-age=31536000
X-Seraph-LoginReason: OK
Set-Cookie: atlassian.xsrf.token=BSYU-JGXI-6CB2-CA1V_deb766dfa74c237eae9d51175a9968fa68cb50b3_lin; Path=/
X-AUSERNAME: milanguzina
Cache-Control: no-cache, no-store, no-transform
Content-Encoding: gzip
Vary: User-Agent
Content-Type: application/json;charset=UTF-8
Transfer-Encoding: chunked
Date: Thu, 30 Mar 2023 09:27:42 GMT
Keep-Alive: timeout=20
Connection: keep-alive

{
    "expand": "renderedFields,names,schema,operations,editmeta,changelog,versionedRepresentations",
    "id": "10327",
    "self": "http://localhost:8080/rest/api/2/issue/10327",
    "key": "XRAY-226",
    "fields": {
        "issuetype": {
            "self": "http://localhost:8080/rest/api/2/issuetype/10100",
            "id": "10100",
            "description": "Represents a Test",
            "iconUrl": "http://localhost:8080/download/resources/com.xpandit.plugins.xray/images/test.png",
            "name": "Test",
            "subtask": false
        },
        "timespent": null,
        "project": {
            "self": "http://localhost:8080/rest/api/2/project/10100",
            "id": "10100",
            "key": "XRAY",
            "name": "XRay",
            "projectTypeKey": "business",
            "avatarUrls": {
                "48x48": "http://localhost:8080/secure/projectavatar?avatarId=10324",
                "24x24": "http://localhost:8080/secure/projectavatar?size=small&avatarId=10324",
                "16x16": "http://localhost:8080/secure/projectavatar?size=xsmall&avatarId=10324",
                "32x32": "http://localhost:8080/secure/projectavatar?size=medium&avatarId=10324"
            }
        },
        "fixVersions": [
            
        ],
        "customfield_10111": null,
        "aggregatetimespent": null,
        "resolution": null,
        "customfield_10107": null,
        "customfield_10229": {
            "datasetRestBean": {
                "params": [
                    
                ]
            }
        },
        "customfield_10108": null,
        "customfield_10109": "0|i0002n:",
        "resolutiondate": null,
        "workratio": -1,
        "lastViewed": null,
        "watches": {
            "self": "http://localhost:8080/rest/api/2/issue/XRAY-226/watchers",
            "watchCount": 1,
            "isWatching": true
        },
        "created": "2023-03-30T11:27:41.925+0200",
        "priority": {
            "self": "http://localhost:8080/rest/api/2/priority/3",
            "iconUrl": "http://localhost:8080/images/icons/priorities/medium.svg",
            "name": "Medium",
            "id": "3"
        },
        "customfield_10100": null,
        "customfield_10101": null,
        "customfield_10102": null,
        "labels": [
            
        ],
        "customfield_10103": null,
        "timeestimate": null,
        "aggregatetimeoriginalestimate": null,
        "versions": [
            
        ],
        "issuelinks": [
            
        ],
        "assignee": null,
        "updated": "2023-03-30T11:27:41.949+0200",
        "status": {
            "self": "http://localhost:8080/rest/api/2/status/1",
            "description": "The issue is open and ready for the assignee to start work on it.",
            "iconUrl": "http://localhost:8080/images/icons/statuses/open.png",
            "name": "Open",
            "id": "1",
            "statusCategory": {
                "self": "http://localhost:8080/rest/api/2/statuscategory/2",
                "id": 2,
                "key": "new",
                "colorName": "default",
                "name": "To Do"
            }
        },
        "components": [
            
        ],
        "timeoriginalestimate": null,
        "description": "Validating user login",
        "customfield_10210": null,
        "timetracking": {
            
        },
        "archiveddate": null,
        "customfield_10203": null,
        "customfield_10204": {
            "steps": [
                {
                    "id": 658,
                    "index": 1,
                    "fields": {
                        "Action": "Step 1",
                        "Data": "input Data 1",
                        "Expected Result": "Excepted result 1"
                    },
                    "attachments": [
                        
                    ]
                },
                {
                    "id": 659,
                    "index": 2,
                    "fields": {
                        "Action": "Step 2",
                        "Data": "input Data 2",
                        "Expected Result": "Excepted result 2"
                    },
                    "attachments": [
                        
                    ]
                },
                {
                    "id": 660,
                    "index": 3,
                    "fields": {
                        "Action": "Step 3",
                        "Data": "input Data 3",
                        "Expected Result": "Excepted result 3"
                    },
                    "attachments": [
                        
                    ]
                }
            ]
        },
        "customfield_10205": 3.0,
        "customfield_10206": [
            
        ],
        "attachment": [
            
        ],
        "customfield_10207": [
            
        ],
        "aggregatetimeestimate": null,
        "customfield_10208": [
            
        ],
        "customfield_10209": {
            "issueId": 10327,
            "statuses": [
                
            ],
            "timestamp": 1680168461957
        },
        "summary": "2nd Test Case",
        "creator": {
            "self": "http://localhost:8080/rest/api/2/user?username=milanguzina",
            "name": "milanguzina",
            "key": "JIRAUSER10000",
            "emailAddress": "milanguzina@yahoo.com",
            "avatarUrls": {
                "48x48": "http://localhost:8080/secure/useravatar?avatarId=10350",
                "24x24": "http://localhost:8080/secure/useravatar?size=small&avatarId=10350",
                "16x16": "http://localhost:8080/secure/useravatar?size=xsmall&avatarId=10350",
                "32x32": "http://localhost:8080/secure/useravatar?size=medium&avatarId=10350"
            },
            "displayName": "milanguzina@yahoo.com",
            "active": true,
            "timeZone": "Europe/Prague"
        },
        "subtasks": [
            
        ],
        "reporter": {
            "self": "http://localhost:8080/rest/api/2/user?username=milanguzina",
            "name": "milanguzina",
            "key": "JIRAUSER10000",
            "emailAddress": "milanguzina@yahoo.com",
            "avatarUrls": {
                "48x48": "http://localhost:8080/secure/useravatar?avatarId=10350",
                "24x24": "http://localhost:8080/secure/useravatar?size=small&avatarId=10350",
                "16x16": "http://localhost:8080/secure/useravatar?size=xsmall&avatarId=10350",
                "32x32": "http://localhost:8080/secure/useravatar?size=medium&avatarId=10350"
            },
            "displayName": "milanguzina@yahoo.com",
            "active": true,
            "timeZone": "Europe/Prague"
        },
        "customfield_10000": "{summaryBean=com.atlassian.jira.plugin.devstatus.rest.SummaryBean@6569deb3[summary={pullrequest=com.atlassian.jira.plugin.devstatus.rest.SummaryItemBean@ec4c1f0[overall=PullRequestOverallBean{stateCount=0, state='OPEN', details=PullRequestOverallDetails{openCount=0, mergedCount=0, declinedCount=0}},byInstanceType={}], build=com.atlassian.jira.plugin.devstatus.rest.SummaryItemBean@1af8ccfc[overall=com.atlassian.jira.plugin.devstatus.summary.beans.BuildOverallBean@321b4512[failedBuildCount=0,successfulBuildCount=0,unknownBuildCount=0,count=0,lastUpdated=<null>,lastUpdatedTimestamp=<null>],byInstanceType={}], review=com.atlassian.jira.plugin.devstatus.rest.SummaryItemBean@5f9b70c0[overall=com.atlassian.jira.plugin.devstatus.summary.beans.ReviewsOverallBean@161cb503[stateCount=0,state=<null>,dueDate=<null>,overDue=false,count=0,lastUpdated=<null>,lastUpdatedTimestamp=<null>],byInstanceType={}], deployment-environment=com.atlassian.jira.plugin.devstatus.rest.SummaryItemBean@4a5f1410[overall=com.atlassian.jira.plugin.devstatus.summary.beans.DeploymentOverallBean@2284fb9c[topEnvironments=[],showProjects=false,successfulCount=0,count=0,lastUpdated=<null>,lastUpdatedTimestamp=<null>],byInstanceType={}], repository=com.atlassian.jira.plugin.devstatus.rest.SummaryItemBean@269d827c[overall=com.atlassian.jira.plugin.devstatus.summary.beans.CommitOverallBean@555a8f01[count=0,lastUpdated=<null>,lastUpdatedTimestamp=<null>],byInstanceType={}], branch=com.atlassian.jira.plugin.devstatus.rest.SummaryItemBean@6717fe2e[overall=com.atlassian.jira.plugin.devstatus.summary.beans.BranchOverallBean@62cab14b[count=0,lastUpdated=<null>,lastUpdatedTimestamp=<null>],byInstanceType={}]},errors=[],configErrors=[]], devSummaryJson={\"cachedValue\":{\"errors\":[],\"configErrors\":[],\"summary\":{\"pullrequest\":{\"overall\":{\"count\":0,\"lastUpdated\":null,\"stateCount\":0,\"state\":\"OPEN\",\"details\":{\"openCount\":0,\"mergedCount\":0,\"declinedCount\":0,\"total\":0},\"open\":true},\"byInstanceType\":{}},\"build\":{\"overall\":{\"count\":0,\"lastUpdated\":null,\"failedBuildCount\":0,\"successfulBuildCount\":0,\"unknownBuildCount\":0},\"byInstanceType\":{}},\"review\":{\"overall\":{\"count\":0,\"lastUpdated\":null,\"stateCount\":0,\"state\":null,\"dueDate\":null,\"overDue\":false,\"completed\":false},\"byInstanceType\":{}},\"deployment-environment\":{\"overall\":{\"count\":0,\"lastUpdated\":null,\"topEnvironments\":[],\"showProjects\":false,\"successfulCount\":0},\"byInstanceType\":{}},\"repository\":{\"overall\":{\"count\":0,\"lastUpdated\":null},\"byInstanceType\":{}},\"branch\":{\"overall\":{\"count\":0,\"lastUpdated\":null},\"byInstanceType\":{}}}},\"isStale\":false}}",
        "aggregateprogress": {
            "progress": 0,
            "total": 0
        },
        "customfield_10200": {
            "self": "http://localhost:8080/rest/api/2/customFieldOption/10000",
            "value": "Manual",
            "id": "10000",
            "disabled": false
        },
        "customfield_10201": null,
        "customfield_10202": null,
        "environment": null,
        "duedate": null,
        "progress": {
            "progress": 0,
            "total": 0
        },
        "comment": {
            "comments": [
                
            ],
            "maxResults": 0,
            "total": 0,
            "startAt": 0
        },
        "votes": {
            "self": "http://localhost:8080/rest/api/2/issue/XRAY-226/votes",
            "votes": 0,
            "hasVoted": false
        },
        "worklog": {
            "startAt": 0,
            "maxResults": 20,
            "total": 0,
            "worklogs": [
                
            ]
        },
        "archivedby": null
    }
}
Extracted Issue ID:10327
Request method:	DELETE
Request URI:	http://localhost:8080/rest/api/2/issue/10327
Proxy:			<none>
Request params:	<none>
Query params:	<none>
Form params:	<none>
Path params:	issueId=10327
Headers:		X-Atlassian-Token=no-check
				Accept=*/*
				Content-Type=application/json
Cookies:		JSESSIONID=4989B57523C6B5978BD3753FDEBF5FD3
Multiparts:		<none>
Body:			<none>
HTTP/1.1 204 
X-AREQUESTID: 687x20086x1
X-ASESSIONID: kd0pgi
Referrer-Policy: strict-origin-when-cross-origin
X-XSS-Protection: 1; mode=block
X-Content-Type-Options: nosniff
X-Frame-Options: SAMEORIGIN
Content-Security-Policy: sandbox
Strict-Transport-Security: max-age=31536000
X-Seraph-LoginReason: OK
Set-Cookie: atlassian.xsrf.token=BSYU-JGXI-6CB2-CA1V_5082ffc98c019879f43f385cfff39599f67b8eb1_lin; Path=/
X-AUSERNAME: milanguzina
Cache-Control: no-cache, no-store, no-transform
Content-Type: application/json;charset=UTF-8
Date: Thu, 30 Mar 2023 09:27:42 GMT
Keep-Alive: timeout=20
Connection: keep-alive
Request method:	GET
Request URI:	http://localhost:8080/rest/api/2/issue/XRAY-226
Proxy:			<none>
Request params:	<none>
Query params:	<none>
Form params:	<none>
Path params:	issueId=XRAY-226
Headers:		X-Atlassian-Token=no-check
				Accept=*/*
				Content-Type=application/json
Cookies:		JSESSIONID=4989B57523C6B5978BD3753FDEBF5FD3
Multiparts:		<none>
Body:			<none>
HTTP/1.1 404 
X-AREQUESTID: 687x20087x1
X-ASESSIONID: kd0pgi
Referrer-Policy: strict-origin-when-cross-origin
X-XSS-Protection: 1; mode=block
X-Content-Type-Options: nosniff
X-Frame-Options: SAMEORIGIN
Content-Security-Policy: sandbox
Strict-Transport-Security: max-age=31536000
X-Seraph-LoginReason: OK
Set-Cookie: atlassian.xsrf.token=BSYU-JGXI-6CB2-CA1V_21912d1c3a7514fe33c91fef2c41244028790a58_lin; Path=/
X-AUSERNAME: milanguzina
Cache-Control: no-cache, no-store, no-transform
Content-Encoding: gzip
Vary: User-Agent
Content-Type: application/json;charset=UTF-8
Transfer-Encoding: chunked
Date: Thu, 30 Mar 2023 09:27:42 GMT
Keep-Alive: timeout=20
Connection: keep-alive

{
    "errorMessages": [
        "Issue Does Not Exist"
    ],
    "errors": {
        
    }
}
Error message:Issue Does Not Exist
]]></system-out>
  </testcase>
  <testcase name="deleteTestStep" classname="XRayAPITests" time="0.792">
    <system-out><![CDATA[Request method:	POST
Request URI:	http://localhost:8080/rest/auth/1/session
Proxy:			<none>
Request params:	<none>
Query params:	<none>
Form params:	<none>
Path params:	<none>
Headers:		Accept=*/*
				Content-Type=application/json
Cookies:		<none>
Multiparts:		<none>
Body:
{
    "username": "milanguzina",
    "password": "micantheman123"
}
HTTP/1.1 200 
X-AREQUESTID: 687x20088x1
Referrer-Policy: strict-origin-when-cross-origin
X-XSS-Protection: 1; mode=block
X-Content-Type-Options: nosniff
X-Frame-Options: SAMEORIGIN
Content-Security-Policy: sandbox
Strict-Transport-Security: max-age=31536000
Set-Cookie: atlassian.xsrf.token=BSYU-JGXI-6CB2-CA1V_839eb842625477b0b22eb5c18ddf92f1ef4dec3b_lout; Path=/
X-AUSERNAME: anonymous
Set-Cookie: JSESSIONID=4903506BF18C2A1E75135F7DD84F2143; Path=/; HttpOnly
X-Seraph-LoginReason: OK
Cache-Control: no-cache, no-store, no-transform
Content-Encoding: gzip
Vary: User-Agent
Content-Type: application/json;charset=UTF-8
Transfer-Encoding: chunked
Date: Thu, 30 Mar 2023 09:27:42 GMT
Keep-Alive: timeout=20
Connection: keep-alive

{
    "session": {
        "name": "JSESSIONID",
        "value": "4903506BF18C2A1E75135F7DD84F2143"
    },
    "loginInfo": {
        "failedLoginCount": 40,
        "loginCount": 392,
        "lastFailedLoginTime": "2023-03-27T09:20:40.824+0200",
        "previousLoginTime": "2023-03-30T11:27:41.879+0200"
    }
}
Request method:	POST
Request URI:	http://localhost:8080/rest/api/2/issue
Proxy:			<none>
Request params:	<none>
Query params:	<none>
Form params:	<none>
Path params:	<none>
Headers:		Accept=*/*
				Content-Type=application/json
Cookies:		JSESSIONID=4903506BF18C2A1E75135F7DD84F2143
Multiparts:		<none>
Body:
{
    "fields": {
        "project": {
            "key": "XRAY"
        },
        "summary": "2nd Test Case",
        "description": "Validating user login",
        "issuetype": {
            "name": "Test"
        },
        "customfield_10204": {
            "steps": [
                {
                    "index": 1,
                    "fields": {
                        "action": "Step 1",
                        "data": "input Data 1",
                        "expected result": "Excepted result 1"
                    }
                },
                {
                    "index": 2,
                    "fields": {
                        "action": "Step 2",
                        "data": "input Data 2",
                        "expected result": "Excepted result 2"
                    }
                },
                {
                    "index": 3,
                    "fields": {
                        "action": "Step 3",
                        "data": "input Data 3",
                        "expected result": "Excepted result 3"
                    }
                }
            ]
        }
    }
}
HTTP/1.1 201 
X-AREQUESTID: 687x20089x1
X-ASESSIONID: 9i4ern
Referrer-Policy: strict-origin-when-cross-origin
X-XSS-Protection: 1; mode=block
X-Content-Type-Options: nosniff
X-Frame-Options: SAMEORIGIN
Content-Security-Policy: sandbox
Strict-Transport-Security: max-age=31536000
X-Seraph-LoginReason: OK
Set-Cookie: atlassian.xsrf.token=BSYU-JGXI-6CB2-CA1V_f30eb3c7b46ee38c5be889d1ccc91376ae84f42a_lin; Path=/
X-AUSERNAME: milanguzina
Cache-Control: no-cache, no-store, no-transform
Content-Encoding: gzip
Vary: User-Agent
Content-Type: application/json;charset=UTF-8
Transfer-Encoding: chunked
Date: Thu, 30 Mar 2023 09:27:42 GMT
Keep-Alive: timeout=20
Connection: keep-alive

{
    "id": "10328",
    "key": "XRAY-227",
    "self": "http://localhost:8080/rest/api/2/issue/10328"
}
Issue ID:10328
Test Key:XRAY-227
Request method:	POST
Request URI:	http://localhost:8080/rest/raven/2.0/api/test/XRAY-227/steps
Proxy:			<none>
Request params:	<none>
Query params:	<none>
Form params:	<none>
Path params:	issueId=XRAY-227
Headers:		Accept=*/*
				Content-Type=application/json
Cookies:		JSESSIONID=4903506BF18C2A1E75135F7DD84F2143
Multiparts:		<none>
Body:
{
    "fields": {
        "Action": "New Added Step Action",
        "Data": "New Added Test Step Data",
        "Expected Result": "New Added Expected Result"
    }
}
HTTP/1.1 201 
X-AREQUESTID: 687x20090x1
X-ASESSIONID: 9i4ern
Referrer-Policy: strict-origin-when-cross-origin
X-XSS-Protection: 1; mode=block
X-Content-Type-Options: nosniff
X-Frame-Options: SAMEORIGIN
Content-Security-Policy: sandbox
Strict-Transport-Security: max-age=31536000
X-Seraph-LoginReason: OK
Set-Cookie: atlassian.xsrf.token=BSYU-JGXI-6CB2-CA1V_449aace61d03cd1e81c1254b831d241436df2d94_lin; Path=/
X-AUSERNAME: milanguzina
Cache-Control: no-cache, no-store, no-transform
Content-Encoding: gzip
Vary: User-Agent
Content-Type: application/json;charset=UTF-8
Transfer-Encoding: chunked
Date: Thu, 30 Mar 2023 09:27:42 GMT
Keep-Alive: timeout=20
Connection: keep-alive

{
    "step": {
        "id": 664,
        "attachmentIds": [
            
        ]
    },
    "warnings": [
        
    ]
}
Step ID:664
Request method:	GET
Request URI:	http://localhost:8080/rest/raven/2.0/api/test/XRAY-227/steps/664
Proxy:			<none>
Request params:	<none>
Query params:	<none>
Form params:	<none>
Path params:	issueId=XRAY-227
				stepId=664
Headers:		Accept=*/*
				Content-Type=application/json
Cookies:		JSESSIONID=4903506BF18C2A1E75135F7DD84F2143
Multiparts:		<none>
Body:			<none>
HTTP/1.1 200 
X-AREQUESTID: 687x20091x1
X-ASESSIONID: 9i4ern
Referrer-Policy: strict-origin-when-cross-origin
X-XSS-Protection: 1; mode=block
X-Content-Type-Options: nosniff
X-Frame-Options: SAMEORIGIN
Content-Security-Policy: sandbox
Strict-Transport-Security: max-age=31536000
X-Seraph-LoginReason: OK
Set-Cookie: atlassian.xsrf.token=BSYU-JGXI-6CB2-CA1V_dad1fe831f3d576a706a549f63c93e87a0cc5edd_lin; Path=/
X-AUSERNAME: milanguzina
Cache-Control: no-cache, no-store, no-transform
Content-Encoding: gzip
Vary: User-Agent
Content-Type: application/json;charset=UTF-8
Transfer-Encoding: chunked
Date: Thu, 30 Mar 2023 09:27:42 GMT
Keep-Alive: timeout=20
Connection: keep-alive

{
    "step": {
        "id": 664,
        "index": 4,
        "fields": {
            "Action": {
                "type": "Wiki",
                "value": {
                    "raw": "New Added Step Action",
                    "rendered": "<p>New Added Step Action</p>"
                }
            },
            "Data": {
                "type": "Wiki",
                "value": {
                    "raw": "New Added Test Step Data",
                    "rendered": "<p>New Added Test Step Data</p>"
                }
            },
            "Expected Result": {
                "type": "Wiki",
                "value": {
                    "raw": "New Added Expected Result",
                    "rendered": "<p>New Added Expected Result</p>"
                }
            }
        },
        "attachments": [
            
        ],
        "testCallStep": false
    }
}
Extracted Step ID:664
Request method:	DELETE
Request URI:	http://localhost:8080/rest/raven/2.0/api/test/XRAY-227/steps/664
Proxy:			<none>
Request params:	<none>
Query params:	<none>
Form params:	<none>
Path params:	issueId=XRAY-227
				stepId=664
Headers:		Accept=*/*
				Content-Type=application/json
Cookies:		JSESSIONID=4903506BF18C2A1E75135F7DD84F2143
Multiparts:		<none>
Body:			<none>
HTTP/1.1 204 
X-AREQUESTID: 687x20092x1
X-ASESSIONID: 9i4ern
Referrer-Policy: strict-origin-when-cross-origin
X-XSS-Protection: 1; mode=block
X-Content-Type-Options: nosniff
X-Frame-Options: SAMEORIGIN
Content-Security-Policy: sandbox
Strict-Transport-Security: max-age=31536000
X-Seraph-LoginReason: OK
Set-Cookie: atlassian.xsrf.token=BSYU-JGXI-6CB2-CA1V_396c769e099000afec3412825ec37270ef9d3b3e_lin; Path=/
X-AUSERNAME: milanguzina
Cache-Control: no-cache, no-store, no-transform
Content-Type: application/json;charset=UTF-8
Date: Thu, 30 Mar 2023 09:27:42 GMT
Keep-Alive: timeout=20
Connection: keep-alive
Request method:	GET
Request URI:	http://localhost:8080/rest/raven/2.0/api/test/10328/steps/664
Proxy:			<none>
Request params:	<none>
Query params:	<none>
Form params:	<none>
Path params:	issueId=10328
				stepId=664
Headers:		X-Atlassian-Token=no-check
				Accept=*/*
				Content-Type=application/json
Cookies:		JSESSIONID=4903506BF18C2A1E75135F7DD84F2143
Multiparts:		<none>
Body:			<none>
HTTP/1.1 400 
X-AREQUESTID: 687x20093x1
X-ASESSIONID: 9i4ern
Referrer-Policy: strict-origin-when-cross-origin
X-XSS-Protection: 1; mode=block
X-Content-Type-Options: nosniff
X-Frame-Options: SAMEORIGIN
Content-Security-Policy: sandbox
Strict-Transport-Security: max-age=31536000
X-Seraph-LoginReason: OK
Set-Cookie: atlassian.xsrf.token=BSYU-JGXI-6CB2-CA1V_39e21d2c0adedbb39380fd681b62d2e2396ab91f_lin; Path=/
X-AUSERNAME: milanguzina
Cache-Control: no-cache, no-transform
Content-Encoding: gzip
Vary: User-Agent
Content-Type: application/json;charset=UTF-8
Transfer-Encoding: chunked
Date: Thu, 30 Mar 2023 09:27:42 GMT
Connection: close

{
    "error": "Test Step with id 664 not found or is not of type Test Step."
}
Error message:Test Step with id 664 not found or is not of type Test Step.
Request method:	DELETE
Request URI:	http://localhost:8080/rest/api/2/issue/10328
Proxy:			<none>
Request params:	<none>
Query params:	<none>
Form params:	<none>
Path params:	issueId=10328
Headers:		X-Atlassian-Token=no-check
				Accept=*/*
				Content-Type=application/json
Cookies:		JSESSIONID=4903506BF18C2A1E75135F7DD84F2143
Multiparts:		<none>
Body:			<none>
HTTP/1.1 204 
X-AREQUESTID: 687x20094x1
X-ASESSIONID: 9i4ern
Referrer-Policy: strict-origin-when-cross-origin
X-XSS-Protection: 1; mode=block
X-Content-Type-Options: nosniff
X-Frame-Options: SAMEORIGIN
Content-Security-Policy: sandbox
Strict-Transport-Security: max-age=31536000
X-Seraph-LoginReason: OK
Set-Cookie: atlassian.xsrf.token=BSYU-JGXI-6CB2-CA1V_f177ba8d89c51d6f594a9108601f8e086aa652d2_lin; Path=/
X-AUSERNAME: milanguzina
Cache-Control: no-cache, no-store, no-transform
Content-Type: application/json;charset=UTF-8
Date: Thu, 30 Mar 2023 09:27:43 GMT
Keep-Alive: timeout=20
Connection: keep-alive
Request method:	GET
Request URI:	http://localhost:8080/rest/api/2/issue/XRAY-227
Proxy:			<none>
Request params:	<none>
Query params:	<none>
Form params:	<none>
Path params:	issueId=XRAY-227
Headers:		X-Atlassian-Token=no-check
				Accept=*/*
				Content-Type=application/json
Cookies:		JSESSIONID=4903506BF18C2A1E75135F7DD84F2143
Multiparts:		<none>
Body:			<none>
HTTP/1.1 404 
X-AREQUESTID: 687x20095x1
X-ASESSIONID: 9i4ern
Referrer-Policy: strict-origin-when-cross-origin
X-XSS-Protection: 1; mode=block
X-Content-Type-Options: nosniff
X-Frame-Options: SAMEORIGIN
Content-Security-Policy: sandbox
Strict-Transport-Security: max-age=31536000
X-Seraph-LoginReason: OK
Set-Cookie: atlassian.xsrf.token=BSYU-JGXI-6CB2-CA1V_ed520075775f49bcb6177206cfa60fdd3e5af5ec_lin; Path=/
X-AUSERNAME: milanguzina
Cache-Control: no-cache, no-store, no-transform
Content-Encoding: gzip
Vary: User-Agent
Content-Type: application/json;charset=UTF-8
Transfer-Encoding: chunked
Date: Thu, 30 Mar 2023 09:27:43 GMT
Keep-Alive: timeout=20
Connection: keep-alive

{
    "errorMessages": [
        "Issue Does Not Exist"
    ],
    "errors": {
        
    }
}
Error message:Issue Does Not Exist
]]></system-out>
  </testcase>
  <testcase name="removeTestFromTestSet" classname="XRayAPITests" time="0.167">
    <system-out><![CDATA[Request method:	POST
Request URI:	http://localhost:8080/rest/auth/1/session
Proxy:			<none>
Request params:	<none>
Query params:	<none>
Form params:	<none>
Path params:	<none>
Headers:		Accept=*/*
				Content-Type=application/json
Cookies:		<none>
Multiparts:		<none>
Body:
{
    "username": "milanguzina",
    "password": "micantheman123"
}
HTTP/1.1 200 
X-AREQUESTID: 687x20096x1
Referrer-Policy: strict-origin-when-cross-origin
X-XSS-Protection: 1; mode=block
X-Content-Type-Options: nosniff
X-Frame-Options: SAMEORIGIN
Content-Security-Policy: sandbox
Strict-Transport-Security: max-age=31536000
Set-Cookie: atlassian.xsrf.token=BSYU-JGXI-6CB2-CA1V_673d11f58411b023a4a2b9a4b3d81200c7b0f495_lout; Path=/
X-AUSERNAME: anonymous
Set-Cookie: JSESSIONID=45F7F6FA1AE14B809ED3A7419916434A; Path=/; HttpOnly
X-Seraph-LoginReason: OK
Cache-Control: no-cache, no-store, no-transform
Content-Encoding: gzip
Vary: User-Agent
Content-Type: application/json;charset=UTF-8
Transfer-Encoding: chunked
Date: Thu, 30 Mar 2023 09:27:43 GMT
Keep-Alive: timeout=20
Connection: keep-alive

{
    "session": {
        "name": "JSESSIONID",
        "value": "45F7F6FA1AE14B809ED3A7419916434A"
    },
    "loginInfo": {
        "failedLoginCount": 40,
        "loginCount": 393,
        "lastFailedLoginTime": "2023-03-27T09:20:40.824+0200",
        "previousLoginTime": "2023-03-30T11:27:41.879+0200"
    }
}
Request method:	POST
Request URI:	http://localhost:8080/rest/raven/1.0/api/testset/XRAY-160/test
Proxy:			<none>
Request params:	<none>
Query params:	<none>
Form params:	<none>
Path params:	testSetKey=XRAY-160
Headers:		Accept=*/*
				Content-Type=application/json
Cookies:		JSESSIONID=45F7F6FA1AE14B809ED3A7419916434A
Multiparts:		<none>
Body:
{
    "add": [
        "XRAY-29",
        "XRAY-3"
    ]
}
HTTP/1.1 200 
X-AREQUESTID: 687x20097x1
X-ASESSIONID: 1p1ydns
Referrer-Policy: strict-origin-when-cross-origin
X-XSS-Protection: 1; mode=block
X-Content-Type-Options: nosniff
X-Frame-Options: SAMEORIGIN
Content-Security-Policy: sandbox
Strict-Transport-Security: max-age=31536000
X-Seraph-LoginReason: OK
Set-Cookie: atlassian.xsrf.token=BSYU-JGXI-6CB2-CA1V_cfe9fa628320daa334f9556b6efd33c05265c7c3_lin; Path=/
X-AUSERNAME: milanguzina
Cache-Control: no-cache, no-transform
Content-Encoding: gzip
Vary: User-Agent
Content-Type: application/json;charset=UTF-8
Transfer-Encoding: chunked
Date: Thu, 30 Mar 2023 09:27:43 GMT
Keep-Alive: timeout=20
Connection: keep-alive

[
    
]
Request method:	GET
Request URI:	http://localhost:8080/rest/raven/1.0/api/testset/XRAY-160/test
Proxy:			<none>
Request params:	<none>
Query params:	<none>
Form params:	<none>
Path params:	testSetKey=XRAY-160
Headers:		Accept=*/*
				Content-Type=application/json
Cookies:		JSESSIONID=45F7F6FA1AE14B809ED3A7419916434A
Multiparts:		<none>
Body:			<none>
HTTP/1.1 200 
X-AREQUESTID: 687x20098x1
X-ASESSIONID: 1p1ydns
Referrer-Policy: strict-origin-when-cross-origin
X-XSS-Protection: 1; mode=block
X-Content-Type-Options: nosniff
X-Frame-Options: SAMEORIGIN
Content-Security-Policy: sandbox
Strict-Transport-Security: max-age=31536000
X-Seraph-LoginReason: OK
Set-Cookie: atlassian.xsrf.token=BSYU-JGXI-6CB2-CA1V_267837b9a905ad05dbbc0914ba14b95c0d780255_lin; Path=/
X-AUSERNAME: milanguzina
Cache-Control: no-cache, no-transform
Content-Encoding: gzip
Vary: User-Agent
Content-Type: application/json;charset=UTF-8
Transfer-Encoding: chunked
Date: Thu, 30 Mar 2023 09:27:43 GMT
Keep-Alive: timeout=20
Connection: keep-alive

[
    {
        "key": "XRAY-29",
        "id": 10130,
        "rank": 1,
        "self": "http://localhost:8080/rest/api/2/issue/10130",
        "reporter": "milanguzina",
        "precondition": [
            
        ],
        "type": "Manual",
        "status": "TODO",
        "archived": false,
        "definition": {
            "steps": [
                {
                    "id": 87,
                    "index": 1,
                    "step": {
                        "raw": "Step 1",
                        "rendered": "<p>Step 1</p>"
                    },
                    "data": {
                        "raw": "input Data 1",
                        "rendered": "<p>input Data 1</p>"
                    },
                    "result": {
                        "raw": "Excepted result 1",
                        "rendered": "<p>Excepted result 1</p>"
                    },
                    "attachments": [
                        
                    ]
                },
                {
                    "id": 88,
                    "index": 2,
                    "step": {
                        "raw": "Step 2",
                        "rendered": "<p>Step 2</p>"
                    },
                    "data": {
                        "raw": "input Data 2",
                        "rendered": "<p>input Data 2</p>"
                    },
                    "result": {
                        "raw": "Excepted result 2",
                        "rendered": "<p>Excepted result 2</p>"
                    },
                    "attachments": [
                        
                    ]
                },
                {
                    "id": 89,
                    "index": 3,
                    "step": {
                        "raw": "Step 4",
                        "rendered": "<p>Step 4</p>"
                    },
                    "data": {
                        "raw": "input Data 3",
                        "rendered": "<p>input Data 3</p>"
                    },
                    "result": {
                        "raw": "Excepted result 3",
                        "rendered": "<p>Excepted result 3</p>"
                    },
                    "attachments": [
                        
                    ]
                },
                {
                    "id": 90,
                    "index": 4,
                    "step": {
                        "raw": "EDITED Step Action",
                        "rendered": "<p>EDITED Step Action</p>"
                    },
                    "data": {
                        "raw": "EDITED Test Step Data",
                        "rendered": "<p>EDITED Test Step Data</p>"
                    },
                    "result": {
                        "raw": "EDITED Expect the unexpectable",
                        "rendered": "<p>EDITED Expect the unexpectable</p>"
                    },
                    "attachments": [
                        
                    ]
                }
            ]
        }
    },
    {
        "key": "XRAY-3",
        "id": 10104,
        "rank": 2,
        "self": "http://localhost:8080/rest/api/2/issue/10104",
        "reporter": "milanguzina",
        "precondition": [
            
        ],
        "type": "Manual",
        "status": "TODO",
        "archived": false,
        "definition": {
            "steps": [
                {
                    "id": 3,
                    "index": 1,
                    "step": {
                        "raw": "Step 1",
                        "rendered": "<p>Step 1</p>"
                    },
                    "data": {
                        "raw": "input Data 1",
                        "rendered": "<p>input Data 1</p>"
                    },
                    "result": {
                        "raw": "Excepted result 1",
                        "rendered": "<p>Excepted result 1</p>"
                    },
                    "attachments": [
                        
                    ]
                },
                {
                    "id": 4,
                    "index": 2,
                    "step": {
                        "raw": "Step 2",
                        "rendered": "<p>Step 2</p>"
                    },
                    "data": {
                        "raw": "input Data 2",
                        "rendered": "<p>input Data 2</p>"
                    },
                    "result": {
                        "raw": "Excepted result 2",
                        "rendered": "<p>Excepted result 2</p>"
                    },
                    "attachments": [
                        
                    ]
                },
                {
                    "id": 5,
                    "index": 3,
                    "step": {
                        "raw": "Step 4",
                        "rendered": "<p>Step 4</p>"
                    },
                    "data": {
                        "raw": "input Data 3",
                        "rendered": "<p>input Data 3</p>"
                    },
                    "result": {
                        "raw": "Excepted result 3",
                        "rendered": "<p>Excepted result 3</p>"
                    },
                    "attachments": [
                        
                    ]
                },
                {
                    "id": 27,
                    "index": 4,
                    "step": {
                        "raw": "new added Step Action",
                        "rendered": "<p>new added Step Action</p>"
                    },
                    "data": {
                        "raw": "",
                        "rendered": ""
                    },
                    "result": {
                        "raw": "",
                        "rendered": ""
                    },
                    "attachments": [
                        {
                            "id": 1,
                            "fileName": "example.txt",
                            "fileIcon": "text.gif",
                            "mimeType": "plain/text",
                            "fileIconAlt": "Text File",
                            "fileSize": "0.0 kB",
                            "numericalFileSize": 12,
                            "created": "2023-03-27T13:53:59+02:00",
                            "createdDate": 1679918039705,
                            "author": "milanguzina",
                            "authorFullName": "milanguzina@yahoo.com",
                            "fileURL": "http://localhost:8080/plugins/servlet/raven/attachment/1/example.txt",
                            "filePath": "\\XRAY\\10000\\XRAY-3\\xray_1"
                        }
                    ]
                },
                {
                    "id": 28,
                    "index": 5,
                    "step": {
                        "raw": "newest added Step Action",
                        "rendered": "<p>newest added Step Action</p>"
                    },
                    "data": {
                        "raw": "",
                        "rendered": ""
                    },
                    "result": {
                        "raw": "",
                        "rendered": ""
                    },
                    "attachments": [
                        
                    ]
                },
                {
                    "id": 29,
                    "index": 6,
                    "step": {
                        "raw": "new added Step Action",
                        "rendered": "<p>new added Step Action</p>"
                    },
                    "data": {
                        "raw": "Test Step Data",
                        "rendered": "<p>Test Step Data</p>"
                    },
                    "result": {
                        "raw": "Expect the unexpectable",
                        "rendered": "<p>Expect the unexpectable</p>"
                    },
                    "attachments": [
                        
                    ]
                }
            ]
        }
    }
]
[XRAY-29, XRAY-3]
Request method:	POST
Request URI:	http://localhost:8080/rest/raven/1.0/api/testset/XRAY-160/test
Proxy:			<none>
Request params:	<none>
Query params:	<none>
Form params:	<none>
Path params:	testSetKey=XRAY-160
Headers:		Accept=*/*
				Content-Type=application/json
Cookies:		JSESSIONID=45F7F6FA1AE14B809ED3A7419916434A
Multiparts:		<none>
Body:
{
    "remove": [
        "XRAY-29",
        "XRAY-3"
    ]
}
HTTP/1.1 200 
X-AREQUESTID: 687x20099x1
X-ASESSIONID: 1p1ydns
Referrer-Policy: strict-origin-when-cross-origin
X-XSS-Protection: 1; mode=block
X-Content-Type-Options: nosniff
X-Frame-Options: SAMEORIGIN
Content-Security-Policy: sandbox
Strict-Transport-Security: max-age=31536000
X-Seraph-LoginReason: OK
Set-Cookie: atlassian.xsrf.token=BSYU-JGXI-6CB2-CA1V_b8b04636e82ccd42b9d95b66d2a970e42d12753e_lin; Path=/
X-AUSERNAME: milanguzina
Cache-Control: no-cache, no-transform
Content-Encoding: gzip
Vary: User-Agent
Content-Type: application/json;charset=UTF-8
Transfer-Encoding: chunked
Date: Thu, 30 Mar 2023 09:27:43 GMT
Keep-Alive: timeout=20
Connection: keep-alive

[
    
]
]]></system-out>
  </testcase>
  <testcase name="AddTestsToTestSet" classname="XRayAPITests" time="0.11">
    <system-out><![CDATA[Request method:	POST
Request URI:	http://localhost:8080/rest/auth/1/session
Proxy:			<none>
Request params:	<none>
Query params:	<none>
Form params:	<none>
Path params:	<none>
Headers:		Accept=*/*
				Content-Type=application/json
Cookies:		<none>
Multiparts:		<none>
Body:
{
    "username": "milanguzina",
    "password": "micantheman123"
}
HTTP/1.1 200 
X-AREQUESTID: 687x20100x1
Referrer-Policy: strict-origin-when-cross-origin
X-XSS-Protection: 1; mode=block
X-Content-Type-Options: nosniff
X-Frame-Options: SAMEORIGIN
Content-Security-Policy: sandbox
Strict-Transport-Security: max-age=31536000
Set-Cookie: atlassian.xsrf.token=BSYU-JGXI-6CB2-CA1V_5a3438a6acde81871362197ea5f2d8c20efa9ac1_lout; Path=/
X-AUSERNAME: anonymous
Set-Cookie: JSESSIONID=C721D6B60D99436861A5CA17176F01C1; Path=/; HttpOnly
X-Seraph-LoginReason: OK
Cache-Control: no-cache, no-store, no-transform
Content-Encoding: gzip
Vary: User-Agent
Content-Type: application/json;charset=UTF-8
Transfer-Encoding: chunked
Date: Thu, 30 Mar 2023 09:27:43 GMT
Keep-Alive: timeout=20
Connection: keep-alive

{
    "session": {
        "name": "JSESSIONID",
        "value": "C721D6B60D99436861A5CA17176F01C1"
    },
    "loginInfo": {
        "failedLoginCount": 40,
        "loginCount": 394,
        "lastFailedLoginTime": "2023-03-27T09:20:40.824+0200",
        "previousLoginTime": "2023-03-30T11:27:41.879+0200"
    }
}
Request method:	POST
Request URI:	http://localhost:8080/rest/raven/1.0/api/testset/XRAY-160/test
Proxy:			<none>
Request params:	<none>
Query params:	<none>
Form params:	<none>
Path params:	testSetKey=XRAY-160
Headers:		Accept=*/*
				Content-Type=application/json
Cookies:		JSESSIONID=C721D6B60D99436861A5CA17176F01C1
Multiparts:		<none>
Body:
{
    "add": [
        "XRAY-29",
        "XRAY-3"
    ]
}
HTTP/1.1 200 
X-AREQUESTID: 687x20101x1
X-ASESSIONID: 12sk9vf
Referrer-Policy: strict-origin-when-cross-origin
X-XSS-Protection: 1; mode=block
X-Content-Type-Options: nosniff
X-Frame-Options: SAMEORIGIN
Content-Security-Policy: sandbox
Strict-Transport-Security: max-age=31536000
X-Seraph-LoginReason: OK
Set-Cookie: atlassian.xsrf.token=BSYU-JGXI-6CB2-CA1V_5d8de4a52deaabb77565d3f77ab411934e2d15a1_lin; Path=/
X-AUSERNAME: milanguzina
Cache-Control: no-cache, no-transform
Content-Encoding: gzip
Vary: User-Agent
Content-Type: application/json;charset=UTF-8
Transfer-Encoding: chunked
Date: Thu, 30 Mar 2023 09:27:43 GMT
Keep-Alive: timeout=20
Connection: keep-alive

[
    
]
Request method:	GET
Request URI:	http://localhost:8080/rest/raven/1.0/api/testset/XRAY-160/test
Proxy:			<none>
Request params:	<none>
Query params:	<none>
Form params:	<none>
Path params:	testSetKey=XRAY-160
Headers:		Accept=*/*
				Content-Type=application/json
Cookies:		JSESSIONID=C721D6B60D99436861A5CA17176F01C1
Multiparts:		<none>
Body:			<none>
HTTP/1.1 200 
X-AREQUESTID: 687x20102x1
X-ASESSIONID: 12sk9vf
Referrer-Policy: strict-origin-when-cross-origin
X-XSS-Protection: 1; mode=block
X-Content-Type-Options: nosniff
X-Frame-Options: SAMEORIGIN
Content-Security-Policy: sandbox
Strict-Transport-Security: max-age=31536000
X-Seraph-LoginReason: OK
Set-Cookie: atlassian.xsrf.token=BSYU-JGXI-6CB2-CA1V_3ab06b25f51d38aeba0523f8580c48b71a919d48_lin; Path=/
X-AUSERNAME: milanguzina
Cache-Control: no-cache, no-transform
Content-Encoding: gzip
Vary: User-Agent
Content-Type: application/json;charset=UTF-8
Transfer-Encoding: chunked
Date: Thu, 30 Mar 2023 09:27:43 GMT
Keep-Alive: timeout=20
Connection: keep-alive

[
    {
        "key": "XRAY-29",
        "id": 10130,
        "rank": 1,
        "self": "http://localhost:8080/rest/api/2/issue/10130",
        "reporter": "milanguzina",
        "precondition": [
            
        ],
        "type": "Manual",
        "status": "TODO",
        "archived": false,
        "definition": {
            "steps": [
                {
                    "id": 87,
                    "index": 1,
                    "step": {
                        "raw": "Step 1",
                        "rendered": "<p>Step 1</p>"
                    },
                    "data": {
                        "raw": "input Data 1",
                        "rendered": "<p>input Data 1</p>"
                    },
                    "result": {
                        "raw": "Excepted result 1",
                        "rendered": "<p>Excepted result 1</p>"
                    },
                    "attachments": [
                        
                    ]
                },
                {
                    "id": 88,
                    "index": 2,
                    "step": {
                        "raw": "Step 2",
                        "rendered": "<p>Step 2</p>"
                    },
                    "data": {
                        "raw": "input Data 2",
                        "rendered": "<p>input Data 2</p>"
                    },
                    "result": {
                        "raw": "Excepted result 2",
                        "rendered": "<p>Excepted result 2</p>"
                    },
                    "attachments": [
                        
                    ]
                },
                {
                    "id": 89,
                    "index": 3,
                    "step": {
                        "raw": "Step 4",
                        "rendered": "<p>Step 4</p>"
                    },
                    "data": {
                        "raw": "input Data 3",
                        "rendered": "<p>input Data 3</p>"
                    },
                    "result": {
                        "raw": "Excepted result 3",
                        "rendered": "<p>Excepted result 3</p>"
                    },
                    "attachments": [
                        
                    ]
                },
                {
                    "id": 90,
                    "index": 4,
                    "step": {
                        "raw": "EDITED Step Action",
                        "rendered": "<p>EDITED Step Action</p>"
                    },
                    "data": {
                        "raw": "EDITED Test Step Data",
                        "rendered": "<p>EDITED Test Step Data</p>"
                    },
                    "result": {
                        "raw": "EDITED Expect the unexpectable",
                        "rendered": "<p>EDITED Expect the unexpectable</p>"
                    },
                    "attachments": [
                        
                    ]
                }
            ]
        }
    },
    {
        "key": "XRAY-3",
        "id": 10104,
        "rank": 2,
        "self": "http://localhost:8080/rest/api/2/issue/10104",
        "reporter": "milanguzina",
        "precondition": [
            
        ],
        "type": "Manual",
        "status": "TODO",
        "archived": false,
        "definition": {
            "steps": [
                {
                    "id": 3,
                    "index": 1,
                    "step": {
                        "raw": "Step 1",
                        "rendered": "<p>Step 1</p>"
                    },
                    "data": {
                        "raw": "input Data 1",
                        "rendered": "<p>input Data 1</p>"
                    },
                    "result": {
                        "raw": "Excepted result 1",
                        "rendered": "<p>Excepted result 1</p>"
                    },
                    "attachments": [
                        
                    ]
                },
                {
                    "id": 4,
                    "index": 2,
                    "step": {
                        "raw": "Step 2",
                        "rendered": "<p>Step 2</p>"
                    },
                    "data": {
                        "raw": "input Data 2",
                        "rendered": "<p>input Data 2</p>"
                    },
                    "result": {
                        "raw": "Excepted result 2",
                        "rendered": "<p>Excepted result 2</p>"
                    },
                    "attachments": [
                        
                    ]
                },
                {
                    "id": 5,
                    "index": 3,
                    "step": {
                        "raw": "Step 4",
                        "rendered": "<p>Step 4</p>"
                    },
                    "data": {
                        "raw": "input Data 3",
                        "rendered": "<p>input Data 3</p>"
                    },
                    "result": {
                        "raw": "Excepted result 3",
                        "rendered": "<p>Excepted result 3</p>"
                    },
                    "attachments": [
                        
                    ]
                },
                {
                    "id": 27,
                    "index": 4,
                    "step": {
                        "raw": "new added Step Action",
                        "rendered": "<p>new added Step Action</p>"
                    },
                    "data": {
                        "raw": "",
                        "rendered": ""
                    },
                    "result": {
                        "raw": "",
                        "rendered": ""
                    },
                    "attachments": [
                        {
                            "id": 1,
                            "fileName": "example.txt",
                            "fileIcon": "text.gif",
                            "mimeType": "plain/text",
                            "fileIconAlt": "Text File",
                            "fileSize": "0.0 kB",
                            "numericalFileSize": 12,
                            "created": "2023-03-27T13:53:59+02:00",
                            "createdDate": 1679918039705,
                            "author": "milanguzina",
                            "authorFullName": "milanguzina@yahoo.com",
                            "fileURL": "http://localhost:8080/plugins/servlet/raven/attachment/1/example.txt",
                            "filePath": "\\XRAY\\10000\\XRAY-3\\xray_1"
                        }
                    ]
                },
                {
                    "id": 28,
                    "index": 5,
                    "step": {
                        "raw": "newest added Step Action",
                        "rendered": "<p>newest added Step Action</p>"
                    },
                    "data": {
                        "raw": "",
                        "rendered": ""
                    },
                    "result": {
                        "raw": "",
                        "rendered": ""
                    },
                    "attachments": [
                        
                    ]
                },
                {
                    "id": 29,
                    "index": 6,
                    "step": {
                        "raw": "new added Step Action",
                        "rendered": "<p>new added Step Action</p>"
                    },
                    "data": {
                        "raw": "Test Step Data",
                        "rendered": "<p>Test Step Data</p>"
                    },
                    "result": {
                        "raw": "Expect the unexpectable",
                        "rendered": "<p>Expect the unexpectable</p>"
                    },
                    "attachments": [
                        
                    ]
                }
            ]
        }
    }
]
[XRAY-29, XRAY-3]
Request method:	POST
Request URI:	http://localhost:8080/rest/raven/1.0/api/testset/XRAY-160/test
Proxy:			<none>
Request params:	<none>
Query params:	<none>
Form params:	<none>
Path params:	testSetKey=XRAY-160
Headers:		Accept=*/*
				Content-Type=application/json
Cookies:		JSESSIONID=C721D6B60D99436861A5CA17176F01C1
Multiparts:		<none>
Body:
{
    "remove": [
        "XRAY-29",
        "XRAY-3"
    ]
}
HTTP/1.1 200 
X-AREQUESTID: 687x20103x1
X-ASESSIONID: 12sk9vf
Referrer-Policy: strict-origin-when-cross-origin
X-XSS-Protection: 1; mode=block
X-Content-Type-Options: nosniff
X-Frame-Options: SAMEORIGIN
Content-Security-Policy: sandbox
Strict-Transport-Security: max-age=31536000
X-Seraph-LoginReason: OK
Set-Cookie: atlassian.xsrf.token=BSYU-JGXI-6CB2-CA1V_be482a1723b0a5ac2d5920998ee984c44970f189_lin; Path=/
X-AUSERNAME: milanguzina
Cache-Control: no-cache, no-transform
Content-Encoding: gzip
Vary: User-Agent
Content-Type: application/json;charset=UTF-8
Transfer-Encoding: chunked
Date: Thu, 30 Mar 2023 09:27:43 GMT
Keep-Alive: timeout=20
Connection: keep-alive

[
    
]
]]></system-out>
  </testcase>
  <testcase name="createTest" classname="XRayAPITests" time="0.517">
    <system-out><![CDATA[Request method:	POST
Request URI:	http://localhost:8080/rest/auth/1/session
Proxy:			<none>
Request params:	<none>
Query params:	<none>
Form params:	<none>
Path params:	<none>
Headers:		Accept=*/*
				Content-Type=application/json
Cookies:		<none>
Multiparts:		<none>
Body:
{
    "username": "milanguzina",
    "password": "micantheman123"
}
HTTP/1.1 200 
X-AREQUESTID: 687x20104x1
Referrer-Policy: strict-origin-when-cross-origin
X-XSS-Protection: 1; mode=block
X-Content-Type-Options: nosniff
X-Frame-Options: SAMEORIGIN
Content-Security-Policy: sandbox
Strict-Transport-Security: max-age=31536000
Set-Cookie: atlassian.xsrf.token=BSYU-JGXI-6CB2-CA1V_019648e8dd713a752c3b9b1bcd2e883789b931b5_lout; Path=/
X-AUSERNAME: anonymous
Set-Cookie: JSESSIONID=84221F2332ABEF65C9D9E8453EE94320; Path=/; HttpOnly
X-Seraph-LoginReason: OK
Cache-Control: no-cache, no-store, no-transform
Content-Encoding: gzip
Vary: User-Agent
Content-Type: application/json;charset=UTF-8
Transfer-Encoding: chunked
Date: Thu, 30 Mar 2023 09:27:43 GMT
Keep-Alive: timeout=20
Connection: keep-alive

{
    "session": {
        "name": "JSESSIONID",
        "value": "84221F2332ABEF65C9D9E8453EE94320"
    },
    "loginInfo": {
        "failedLoginCount": 40,
        "loginCount": 395,
        "lastFailedLoginTime": "2023-03-27T09:20:40.824+0200",
        "previousLoginTime": "2023-03-30T11:27:41.879+0200"
    }
}
Request method:	POST
Request URI:	http://localhost:8080/rest/api/2/issue
Proxy:			<none>
Request params:	<none>
Query params:	<none>
Form params:	<none>
Path params:	<none>
Headers:		Accept=*/*
				Content-Type=application/json
Cookies:		JSESSIONID=84221F2332ABEF65C9D9E8453EE94320
Multiparts:		<none>
Body:
{
    "fields": {
        "project": {
            "key": "XRAY"
        },
        "summary": "2nd Test Case",
        "description": "Validating user login",
        "issuetype": {
            "name": "Test"
        },
        "customfield_10204": {
            "steps": [
                {
                    "index": 1,
                    "fields": {
                        "action": "Step 1",
                        "data": "input Data 1",
                        "expected result": "Excepted result 1"
                    }
                },
                {
                    "index": 2,
                    "fields": {
                        "action": "Step 2",
                        "data": "input Data 2",
                        "expected result": "Excepted result 2"
                    }
                },
                {
                    "index": 3,
                    "fields": {
                        "action": "Step 3",
                        "data": "input Data 3",
                        "expected result": "Excepted result 3"
                    }
                }
            ]
        }
    }
}
HTTP/1.1 201 
X-AREQUESTID: 687x20105x1
X-ASESSIONID: 16tsxqy
Referrer-Policy: strict-origin-when-cross-origin
X-XSS-Protection: 1; mode=block
X-Content-Type-Options: nosniff
X-Frame-Options: SAMEORIGIN
Content-Security-Policy: sandbox
Strict-Transport-Security: max-age=31536000
X-Seraph-LoginReason: OK
Set-Cookie: atlassian.xsrf.token=BSYU-JGXI-6CB2-CA1V_6721ad0f6b7d6a1a7e6f631b011a625e4bce6c2e_lin; Path=/
X-AUSERNAME: milanguzina
Cache-Control: no-cache, no-store, no-transform
Content-Encoding: gzip
Vary: User-Agent
Content-Type: application/json;charset=UTF-8
Transfer-Encoding: chunked
Date: Thu, 30 Mar 2023 09:27:43 GMT
Keep-Alive: timeout=20
Connection: keep-alive

{
    "id": "10329",
    "key": "XRAY-228",
    "self": "http://localhost:8080/rest/api/2/issue/10329"
}
Issue ID:10329
Test Key:XRAY-228
Request method:	DELETE
Request URI:	http://localhost:8080/rest/api/2/issue/10329
Proxy:			<none>
Request params:	<none>
Query params:	<none>
Form params:	<none>
Path params:	issueId=10329
Headers:		X-Atlassian-Token=no-check
				Accept=*/*
				Content-Type=application/json
Cookies:		JSESSIONID=84221F2332ABEF65C9D9E8453EE94320
Multiparts:		<none>
Body:			<none>
HTTP/1.1 204 
X-AREQUESTID: 687x20106x1
X-ASESSIONID: 16tsxqy
Referrer-Policy: strict-origin-when-cross-origin
X-XSS-Protection: 1; mode=block
X-Content-Type-Options: nosniff
X-Frame-Options: SAMEORIGIN
Content-Security-Policy: sandbox
Strict-Transport-Security: max-age=31536000
X-Seraph-LoginReason: OK
Set-Cookie: atlassian.xsrf.token=BSYU-JGXI-6CB2-CA1V_21ec2079c1de38da5acb7ec7049cb496af681465_lin; Path=/
X-AUSERNAME: milanguzina
Cache-Control: no-cache, no-store, no-transform
Content-Type: application/json;charset=UTF-8
Date: Thu, 30 Mar 2023 09:27:43 GMT
Keep-Alive: timeout=20
Connection: keep-alive
Request method:	GET
Request URI:	http://localhost:8080/rest/api/2/issue/XRAY-228
Proxy:			<none>
Request params:	<none>
Query params:	<none>
Form params:	<none>
Path params:	issueId=XRAY-228
Headers:		X-Atlassian-Token=no-check
				Accept=*/*
				Content-Type=application/json
Cookies:		JSESSIONID=84221F2332ABEF65C9D9E8453EE94320
Multiparts:		<none>
Body:			<none>
HTTP/1.1 404 
X-AREQUESTID: 687x20107x1
X-ASESSIONID: 16tsxqy
Referrer-Policy: strict-origin-when-cross-origin
X-XSS-Protection: 1; mode=block
X-Content-Type-Options: nosniff
X-Frame-Options: SAMEORIGIN
Content-Security-Policy: sandbox
Strict-Transport-Security: max-age=31536000
X-Seraph-LoginReason: OK
Set-Cookie: atlassian.xsrf.token=BSYU-JGXI-6CB2-CA1V_faba01a26b1b436891a02823135b7ba8e4f55d6d_lin; Path=/
X-AUSERNAME: milanguzina
Cache-Control: no-cache, no-store, no-transform
Content-Encoding: gzip
Vary: User-Agent
Content-Type: application/json;charset=UTF-8
Transfer-Encoding: chunked
Date: Thu, 30 Mar 2023 09:27:43 GMT
Keep-Alive: timeout=20
Connection: keep-alive

{
    "errorMessages": [
        "Issue Does Not Exist"
    ],
    "errors": {
        
    }
}
Error message:Issue Does Not Exist
]]></system-out>
  </testcase>
  <testcase name="editTestStep" classname="XRayAPITests" time="0.712">
    <system-out><![CDATA[Request method:	POST
Request URI:	http://localhost:8080/rest/auth/1/session
Proxy:			<none>
Request params:	<none>
Query params:	<none>
Form params:	<none>
Path params:	<none>
Headers:		Accept=*/*
				Content-Type=application/json
Cookies:		<none>
Multiparts:		<none>
Body:
{
    "username": "milanguzina",
    "password": "micantheman123"
}
HTTP/1.1 200 
X-AREQUESTID: 687x20108x1
Referrer-Policy: strict-origin-when-cross-origin
X-XSS-Protection: 1; mode=block
X-Content-Type-Options: nosniff
X-Frame-Options: SAMEORIGIN
Content-Security-Policy: sandbox
Strict-Transport-Security: max-age=31536000
Set-Cookie: atlassian.xsrf.token=BSYU-JGXI-6CB2-CA1V_07966794be15d07c3e843a1cf68c54de72715fab_lout; Path=/
X-AUSERNAME: anonymous
Set-Cookie: JSESSIONID=1B2C586A3BEF5CFD5777F229B1EC9F4D; Path=/; HttpOnly
X-Seraph-LoginReason: OK
Cache-Control: no-cache, no-store, no-transform
Content-Encoding: gzip
Vary: User-Agent
Content-Type: application/json;charset=UTF-8
Transfer-Encoding: chunked
Date: Thu, 30 Mar 2023 09:27:43 GMT
Keep-Alive: timeout=20
Connection: keep-alive

{
    "session": {
        "name": "JSESSIONID",
        "value": "1B2C586A3BEF5CFD5777F229B1EC9F4D"
    },
    "loginInfo": {
        "failedLoginCount": 40,
        "loginCount": 396,
        "lastFailedLoginTime": "2023-03-27T09:20:40.824+0200",
        "previousLoginTime": "2023-03-30T11:27:41.879+0200"
    }
}
Request method:	POST
Request URI:	http://localhost:8080/rest/api/2/issue
Proxy:			<none>
Request params:	<none>
Query params:	<none>
Form params:	<none>
Path params:	<none>
Headers:		Accept=*/*
				Content-Type=application/json
Cookies:		JSESSIONID=1B2C586A3BEF5CFD5777F229B1EC9F4D
Multiparts:		<none>
Body:
{
    "fields": {
        "project": {
            "key": "XRAY"
        },
        "summary": "2nd Test Case",
        "description": "Validating user login",
        "issuetype": {
            "name": "Test"
        },
        "customfield_10204": {
            "steps": [
                {
                    "index": 1,
                    "fields": {
                        "action": "Step 1",
                        "data": "input Data 1",
                        "expected result": "Excepted result 1"
                    }
                },
                {
                    "index": 2,
                    "fields": {
                        "action": "Step 2",
                        "data": "input Data 2",
                        "expected result": "Excepted result 2"
                    }
                },
                {
                    "index": 3,
                    "fields": {
                        "action": "Step 3",
                        "data": "input Data 3",
                        "expected result": "Excepted result 3"
                    }
                }
            ]
        }
    }
}
HTTP/1.1 201 
X-AREQUESTID: 687x20109x1
X-ASESSIONID: 14siyyz
Referrer-Policy: strict-origin-when-cross-origin
X-XSS-Protection: 1; mode=block
X-Content-Type-Options: nosniff
X-Frame-Options: SAMEORIGIN
Content-Security-Policy: sandbox
Strict-Transport-Security: max-age=31536000
X-Seraph-LoginReason: OK
Set-Cookie: atlassian.xsrf.token=BSYU-JGXI-6CB2-CA1V_ed5249e33780ed7baf8005a586a092a67debc17d_lin; Path=/
X-AUSERNAME: milanguzina
Cache-Control: no-cache, no-store, no-transform
Content-Encoding: gzip
Vary: User-Agent
Content-Type: application/json;charset=UTF-8
Transfer-Encoding: chunked
Date: Thu, 30 Mar 2023 09:27:44 GMT
Keep-Alive: timeout=20
Connection: keep-alive

{
    "id": "10330",
    "key": "XRAY-229",
    "self": "http://localhost:8080/rest/api/2/issue/10330"
}
Issue ID:10330
Test Key:XRAY-229
Request method:	POST
Request URI:	http://localhost:8080/rest/raven/2.0/api/test/XRAY-229/steps
Proxy:			<none>
Request params:	<none>
Query params:	<none>
Form params:	<none>
Path params:	issueId=XRAY-229
Headers:		Accept=*/*
				Content-Type=application/json
Cookies:		JSESSIONID=1B2C586A3BEF5CFD5777F229B1EC9F4D
Multiparts:		<none>
Body:
{
    "fields": {
        "Action": "New Added Step Action",
        "Data": "New Added Test Step Data",
        "Expected Result": "New Added Expected Result"
    }
}
HTTP/1.1 201 
X-AREQUESTID: 687x20110x1
X-ASESSIONID: 14siyyz
Referrer-Policy: strict-origin-when-cross-origin
X-XSS-Protection: 1; mode=block
X-Content-Type-Options: nosniff
X-Frame-Options: SAMEORIGIN
Content-Security-Policy: sandbox
Strict-Transport-Security: max-age=31536000
X-Seraph-LoginReason: OK
Set-Cookie: atlassian.xsrf.token=BSYU-JGXI-6CB2-CA1V_089b7f245e5eee3bc8f5545dd3955ec777dcb109_lin; Path=/
X-AUSERNAME: milanguzina
Cache-Control: no-cache, no-store, no-transform
Content-Encoding: gzip
Vary: User-Agent
Content-Type: application/json;charset=UTF-8
Transfer-Encoding: chunked
Date: Thu, 30 Mar 2023 09:27:44 GMT
Keep-Alive: timeout=20
Connection: keep-alive

{
    "step": {
        "id": 671,
        "attachmentIds": [
            
        ]
    },
    "warnings": [
        
    ]
}
Step ID:671
Request method:	GET
Request URI:	http://localhost:8080/rest/raven/2.0/api/test/XRAY-229/steps/671
Proxy:			<none>
Request params:	<none>
Query params:	<none>
Form params:	<none>
Path params:	issueId=XRAY-229
				stepId=671
Headers:		Accept=*/*
				Content-Type=application/json
Cookies:		JSESSIONID=1B2C586A3BEF5CFD5777F229B1EC9F4D
Multiparts:		<none>
Body:			<none>
HTTP/1.1 200 
X-AREQUESTID: 687x20111x1
X-ASESSIONID: 14siyyz
Referrer-Policy: strict-origin-when-cross-origin
X-XSS-Protection: 1; mode=block
X-Content-Type-Options: nosniff
X-Frame-Options: SAMEORIGIN
Content-Security-Policy: sandbox
Strict-Transport-Security: max-age=31536000
X-Seraph-LoginReason: OK
Set-Cookie: atlassian.xsrf.token=BSYU-JGXI-6CB2-CA1V_ad1f27f59d697f1e222d28c5206aba3992ae608d_lin; Path=/
X-AUSERNAME: milanguzina
Cache-Control: no-cache, no-store, no-transform
Content-Encoding: gzip
Vary: User-Agent
Content-Type: application/json;charset=UTF-8
Transfer-Encoding: chunked
Date: Thu, 30 Mar 2023 09:27:44 GMT
Keep-Alive: timeout=20
Connection: keep-alive

{
    "step": {
        "id": 671,
        "index": 4,
        "fields": {
            "Action": {
                "type": "Wiki",
                "value": {
                    "raw": "New Added Step Action",
                    "rendered": "<p>New Added Step Action</p>"
                }
            },
            "Data": {
                "type": "Wiki",
                "value": {
                    "raw": "New Added Test Step Data",
                    "rendered": "<p>New Added Test Step Data</p>"
                }
            },
            "Expected Result": {
                "type": "Wiki",
                "value": {
                    "raw": "New Added Expected Result",
                    "rendered": "<p>New Added Expected Result</p>"
                }
            }
        },
        "attachments": [
            
        ],
        "testCallStep": false
    }
}
Extracted Step ID:671
Request method:	PUT
Request URI:	http://localhost:8080/rest/raven/2.0/api/test/XRAY-229/steps/671
Proxy:			<none>
Request params:	<none>
Query params:	<none>
Form params:	<none>
Path params:	issueId=XRAY-229
				stepId=671
Headers:		Accept=*/*
				Content-Type=application/json
Cookies:		JSESSIONID=1B2C586A3BEF5CFD5777F229B1EC9F4D
Multiparts:		<none>
Body:
{
    "fields": {
        "Action": "EDITED Step Action",
        "Data": "EDITED Test Step Data",
        "Expected Result": "EDITED Expected Result"
    }
}
HTTP/1.1 200 
X-AREQUESTID: 687x20112x1
X-ASESSIONID: 14siyyz
Referrer-Policy: strict-origin-when-cross-origin
X-XSS-Protection: 1; mode=block
X-Content-Type-Options: nosniff
X-Frame-Options: SAMEORIGIN
Content-Security-Policy: sandbox
Strict-Transport-Security: max-age=31536000
X-Seraph-LoginReason: OK
Set-Cookie: atlassian.xsrf.token=BSYU-JGXI-6CB2-CA1V_18c3188e00ddaaf9aa1eeac5045b9ce0eb770e69_lin; Path=/
X-AUSERNAME: milanguzina
Cache-Control: no-cache, no-store, no-transform
Content-Encoding: gzip
Vary: User-Agent
Content-Type: application/json;charset=UTF-8
Transfer-Encoding: chunked
Date: Thu, 30 Mar 2023 09:27:44 GMT
Keep-Alive: timeout=20
Connection: keep-alive

{
    "step": {
        "id": 671,
        "attachmentIds": [
            
        ]
    },
    "warnings": [
        
    ]
}
Edited Step ID:671
Request method:	DELETE
Request URI:	http://localhost:8080/rest/api/2/issue/10330
Proxy:			<none>
Request params:	<none>
Query params:	<none>
Form params:	<none>
Path params:	issueId=10330
Headers:		X-Atlassian-Token=no-check
				Accept=*/*
				Content-Type=application/json
Cookies:		JSESSIONID=1B2C586A3BEF5CFD5777F229B1EC9F4D
Multiparts:		<none>
Body:			<none>
HTTP/1.1 204 
X-AREQUESTID: 687x20113x1
X-ASESSIONID: 14siyyz
Referrer-Policy: strict-origin-when-cross-origin
X-XSS-Protection: 1; mode=block
X-Content-Type-Options: nosniff
X-Frame-Options: SAMEORIGIN
Content-Security-Policy: sandbox
Strict-Transport-Security: max-age=31536000
X-Seraph-LoginReason: OK
Set-Cookie: atlassian.xsrf.token=BSYU-JGXI-6CB2-CA1V_d0ae955e78a6dcb0cd108ee4c3c7ccec22082bef_lin; Path=/
X-AUSERNAME: milanguzina
Cache-Control: no-cache, no-store, no-transform
Content-Type: application/json;charset=UTF-8
Date: Thu, 30 Mar 2023 09:27:44 GMT
Keep-Alive: timeout=20
Connection: keep-alive
Request method:	GET
Request URI:	http://localhost:8080/rest/api/2/issue/XRAY-229
Proxy:			<none>
Request params:	<none>
Query params:	<none>
Form params:	<none>
Path params:	issueId=XRAY-229
Headers:		X-Atlassian-Token=no-check
				Accept=*/*
				Content-Type=application/json
Cookies:		JSESSIONID=1B2C586A3BEF5CFD5777F229B1EC9F4D
Multiparts:		<none>
Body:			<none>
HTTP/1.1 404 
X-AREQUESTID: 687x20114x1
X-ASESSIONID: 14siyyz
Referrer-Policy: strict-origin-when-cross-origin
X-XSS-Protection: 1; mode=block
X-Content-Type-Options: nosniff
X-Frame-Options: SAMEORIGIN
Content-Security-Policy: sandbox
Strict-Transport-Security: max-age=31536000
X-Seraph-LoginReason: OK
Set-Cookie: atlassian.xsrf.token=BSYU-JGXI-6CB2-CA1V_d9e7e84651ccb11c82965a0d474fe8524b8f6fa1_lin; Path=/
X-AUSERNAME: milanguzina
Cache-Control: no-cache, no-store, no-transform
Content-Encoding: gzip
Vary: User-Agent
Content-Type: application/json;charset=UTF-8
Transfer-Encoding: chunked
Date: Thu, 30 Mar 2023 09:27:44 GMT
Keep-Alive: timeout=20
Connection: keep-alive

{
    "errorMessages": [
        "Issue Does Not Exist"
    ],
    "errors": {
        
    }
}
Error message:Issue Does Not Exist
]]></system-out>
  </testcase>
  <testcase name="deleteTest" classname="XRayAPITests" time="0.533">
    <system-out><![CDATA[Request method:	POST
Request URI:	http://localhost:8080/rest/auth/1/session
Proxy:			<none>
Request params:	<none>
Query params:	<none>
Form params:	<none>
Path params:	<none>
Headers:		Accept=*/*
				Content-Type=application/json
Cookies:		<none>
Multiparts:		<none>
Body:
{
    "username": "milanguzina",
    "password": "micantheman123"
}
HTTP/1.1 200 
X-AREQUESTID: 687x20115x1
Referrer-Policy: strict-origin-when-cross-origin
X-XSS-Protection: 1; mode=block
X-Content-Type-Options: nosniff
X-Frame-Options: SAMEORIGIN
Content-Security-Policy: sandbox
Strict-Transport-Security: max-age=31536000
Set-Cookie: atlassian.xsrf.token=BSYU-JGXI-6CB2-CA1V_1793e5a3edf4f93da5fb831da237cf2de6693d4b_lout; Path=/
X-AUSERNAME: anonymous
Set-Cookie: JSESSIONID=3E485186532C4EC577518A9CEFCFD5D9; Path=/; HttpOnly
X-Seraph-LoginReason: OK
Cache-Control: no-cache, no-store, no-transform
Content-Encoding: gzip
Vary: User-Agent
Content-Type: application/json;charset=UTF-8
Transfer-Encoding: chunked
Date: Thu, 30 Mar 2023 09:27:44 GMT
Keep-Alive: timeout=20
Connection: keep-alive

{
    "session": {
        "name": "JSESSIONID",
        "value": "3E485186532C4EC577518A9CEFCFD5D9"
    },
    "loginInfo": {
        "failedLoginCount": 40,
        "loginCount": 397,
        "lastFailedLoginTime": "2023-03-27T09:20:40.824+0200",
        "previousLoginTime": "2023-03-30T11:27:41.879+0200"
    }
}
Request method:	POST
Request URI:	http://localhost:8080/rest/api/2/issue
Proxy:			<none>
Request params:	<none>
Query params:	<none>
Form params:	<none>
Path params:	<none>
Headers:		Accept=*/*
				Content-Type=application/json
Cookies:		JSESSIONID=3E485186532C4EC577518A9CEFCFD5D9
Multiparts:		<none>
Body:
{
    "fields": {
        "project": {
            "key": "XRAY"
        },
        "summary": "2nd Test Case",
        "description": "Validating user login",
        "issuetype": {
            "name": "Test"
        },
        "customfield_10204": {
            "steps": [
                {
                    "index": 1,
                    "fields": {
                        "action": "Step 1",
                        "data": "input Data 1",
                        "expected result": "Excepted result 1"
                    }
                },
                {
                    "index": 2,
                    "fields": {
                        "action": "Step 2",
                        "data": "input Data 2",
                        "expected result": "Excepted result 2"
                    }
                },
                {
                    "index": 3,
                    "fields": {
                        "action": "Step 3",
                        "data": "input Data 3",
                        "expected result": "Excepted result 3"
                    }
                }
            ]
        }
    }
}
HTTP/1.1 201 
X-AREQUESTID: 687x20116x1
X-ASESSIONID: 1njd6m0
Referrer-Policy: strict-origin-when-cross-origin
X-XSS-Protection: 1; mode=block
X-Content-Type-Options: nosniff
X-Frame-Options: SAMEORIGIN
Content-Security-Policy: sandbox
Strict-Transport-Security: max-age=31536000
X-Seraph-LoginReason: OK
Set-Cookie: atlassian.xsrf.token=BSYU-JGXI-6CB2-CA1V_defd4979cdcfc39e27438557ebdf37287ad85bb0_lin; Path=/
X-AUSERNAME: milanguzina
Cache-Control: no-cache, no-store, no-transform
Content-Encoding: gzip
Vary: User-Agent
Content-Type: application/json;charset=UTF-8
Transfer-Encoding: chunked
Date: Thu, 30 Mar 2023 09:27:44 GMT
Keep-Alive: timeout=20
Connection: keep-alive

{
    "id": "10331",
    "key": "XRAY-230",
    "self": "http://localhost:8080/rest/api/2/issue/10331"
}
Issue ID:10331
Test Key:XRAY-230
Request method:	DELETE
Request URI:	http://localhost:8080/rest/api/2/issue/10331
Proxy:			<none>
Request params:	<none>
Query params:	<none>
Form params:	<none>
Path params:	issueId=10331
Headers:		X-Atlassian-Token=no-check
				Accept=*/*
				Content-Type=application/json
Cookies:		JSESSIONID=3E485186532C4EC577518A9CEFCFD5D9
Multiparts:		<none>
Body:			<none>
HTTP/1.1 204 
X-AREQUESTID: 687x20117x1
X-ASESSIONID: 1njd6m0
Referrer-Policy: strict-origin-when-cross-origin
X-XSS-Protection: 1; mode=block
X-Content-Type-Options: nosniff
X-Frame-Options: SAMEORIGIN
Content-Security-Policy: sandbox
Strict-Transport-Security: max-age=31536000
X-Seraph-LoginReason: OK
Set-Cookie: atlassian.xsrf.token=BSYU-JGXI-6CB2-CA1V_e7d27d928cf56b7ca9f9ea6982341a555a6f8e24_lin; Path=/
X-AUSERNAME: milanguzina
Cache-Control: no-cache, no-store, no-transform
Content-Type: application/json;charset=UTF-8
Date: Thu, 30 Mar 2023 09:27:44 GMT
Keep-Alive: timeout=20
Connection: keep-alive
Request method:	GET
Request URI:	http://localhost:8080/rest/api/2/issue/XRAY-230
Proxy:			<none>
Request params:	<none>
Query params:	<none>
Form params:	<none>
Path params:	issueId=XRAY-230
Headers:		X-Atlassian-Token=no-check
				Accept=*/*
				Content-Type=application/json
Cookies:		JSESSIONID=3E485186532C4EC577518A9CEFCFD5D9
Multiparts:		<none>
Body:			<none>
HTTP/1.1 404 
X-AREQUESTID: 687x20118x1
X-ASESSIONID: 1njd6m0
Referrer-Policy: strict-origin-when-cross-origin
X-XSS-Protection: 1; mode=block
X-Content-Type-Options: nosniff
X-Frame-Options: SAMEORIGIN
Content-Security-Policy: sandbox
Strict-Transport-Security: max-age=31536000
X-Seraph-LoginReason: OK
Set-Cookie: atlassian.xsrf.token=BSYU-JGXI-6CB2-CA1V_3b12d12886bc17cf2573281599d50a221c61096a_lin; Path=/
X-AUSERNAME: milanguzina
Cache-Control: no-cache, no-store, no-transform
Content-Encoding: gzip
Vary: User-Agent
Content-Type: application/json;charset=UTF-8
Transfer-Encoding: chunked
Date: Thu, 30 Mar 2023 09:27:44 GMT
Keep-Alive: timeout=20
Connection: keep-alive

{
    "errorMessages": [
        "Issue Does Not Exist"
    ],
    "errors": {
        
    }
}
Error message:Issue Does Not Exist
]]></system-out>
  </testcase>
</testsuite>